TN:
SF:/usr/include/c++/8/array
FN:55,_ZNSt14__array_traitsINSt7__cxx1112basic_stringIcSt11char_traitsIcESaIcEEELm3EE6_S_refERA3_KS5_m
FN:185,_ZNSt5arrayINSt7__cxx1112basic_stringIcSt11char_traitsIcESaIcEEELm3EEixEm
FNDA:0,_ZNSt14__array_traitsINSt7__cxx1112basic_stringIcSt11char_traitsIcESaIcEEELm3EE6_S_refERA3_KS5_m
FNDA:0,_ZNSt5arrayINSt7__cxx1112basic_stringIcSt11char_traitsIcESaIcEEELm3EEixEm
FNF:2
FNH:0
DA:55,0
DA:56,0
DA:185,0
DA:186,0
LF:4
LH:0
end_of_record
SF:/usr/include/c++/8/bits/alloc_traits.h
FN:435,_ZNSt16allocator_traitsISaIPN4Json9OurReader9ErrorInfoEEE8allocateERS4_m
FN:435,_ZNSt16allocator_traitsISaIN4Json9OurReader15StructuredErrorEEE8allocateERS3_m
FN:435,_ZNSt16allocator_traitsISaIN4Json6Reader9ErrorInfoEEE8allocateERS3_m
FN:435,_ZNSt16allocator_traitsISaIN4Json6Reader15StructuredErrorEEE8allocateERS3_m
FN:435,_ZNSt16allocator_traitsISaIPN4Json6Reader9ErrorInfoEEE8allocateERS4_m
FN:435,_ZNSt16allocator_traitsISaISt13_Rb_tree_nodeISt4pairIKN4Json5Value8CZStringES3_EEEE8allocateERS8_m
FN:435,_ZNSt16allocator_traitsISaIPPN4Json5ValueEEE8allocateERS4_m
FN:435,_ZNSt16allocator_traitsISaISt13_Rb_tree_nodeINSt7__cxx1112basic_stringIcSt11char_traitsIcESaIcEEEEEE8allocateERS8_m
FN:435,_ZNSt16allocator_traitsISaINSt7__cxx1112basic_stringIcSt11char_traitsIcESaIcEEEEE8allocateERS6_m
FN:435,_ZNSt16allocator_traitsISaIPKN4Json12PathArgumentEEE8allocateERS4_m
FN:435,_ZNSt16allocator_traitsISaIN4Json9OurReader9ErrorInfoEEE8allocateERS3_m
FN:435,_ZNSt16allocator_traitsISaIPN4Json5ValueEEE8allocateERS3_m
FN:435,_ZNSt16allocator_traitsISaIcEE8allocateERS0_m
FN:435,_ZNSt16allocator_traitsISaIN4Json12PathArgumentEEE8allocateERS2_m
FN:461,_ZNSt16allocator_traitsISaISt13_Rb_tree_nodeISt4pairIKN4Json5Value8CZStringES3_EEEE10deallocateERS8_PS7_m
FN:461,_ZNSt16allocator_traitsISaIN4Json6Reader15StructuredErrorEEE10deallocateERS3_PS2_m
FN:461,_ZNSt16allocator_traitsISaIPKN4Json12PathArgumentEEE10deallocateERS4_PS3_m
FN:461,_ZNSt16allocator_traitsISaIcEE10deallocateERS0_Pcm
FN:461,_ZNSt16allocator_traitsISaIN4Json6Reader9ErrorInfoEEE10deallocateERS3_PS2_m
FN:461,_ZNSt16allocator_traitsISaIN4Json12PathArgumentEEE10deallocateERS2_PS1_m
FN:461,_ZNSt16allocator_traitsISaISt13_Rb_tree_nodeINSt7__cxx1112basic_stringIcSt11char_traitsIcESaIcEEEEEE10deallocateERS8_PS7_m
FN:461,_ZNSt16allocator_traitsISaIPN4Json9OurReader9ErrorInfoEEE10deallocateERS4_PS3_m
FN:461,_ZNSt16allocator_traitsISaIN4Json9OurReader15StructuredErrorEEE10deallocateERS3_PS2_m
FN:461,_ZNSt16allocator_traitsISaIPPN4Json5ValueEEE10deallocateERS4_PS3_m
FN:461,_ZNSt16allocator_traitsISaIPN4Json5ValueEEE10deallocateERS3_PS2_m
FN:461,_ZNSt16allocator_traitsISaIPN4Json6Reader9ErrorInfoEEE10deallocateERS4_PS3_m
FN:461,_ZNSt16allocator_traitsISaIN4Json9OurReader9ErrorInfoEEE10deallocateERS3_PS2_m
FN:461,_ZNSt16allocator_traitsISaINSt7__cxx1112basic_stringIcSt11char_traitsIcESaIcEEEEE10deallocateERS6_PS5_m
FN:474,_ZNSt16allocator_traitsISaISt13_Rb_tree_nodeINSt7__cxx1112basic_stringIcSt11char_traitsIcESaIcEEEEEE9constructIS6_JS6_EEEvRS8_PT_DpOT0_
FN:474,_ZNSt16allocator_traitsISaINSt7__cxx1112basic_stringIcSt11char_traitsIcESaIcEEEEE9constructIS5_JS5_EEEvRS6_PT_DpOT0_
FN:474,_ZNSt16allocator_traitsISaIN4Json9OurReader9ErrorInfoEEE9constructIS2_JRKS2_EEEvRS3_PT_DpOT0_
FN:474,_ZNSt16allocator_traitsISaIPKN4Json12PathArgumentEEE9constructIS3_JS3_EEEvRS4_PT_DpOT0_
FN:474,_ZNSt16allocator_traitsISaIN4Json12PathArgumentEEE9constructIS1_JS1_EEEvRS2_PT_DpOT0_
FN:474,_ZNSt16allocator_traitsISaIN4Json6Reader9ErrorInfoEEE9constructIS2_JRKS2_EEEvRS3_PT_DpOT0_
FN:474,_ZNSt16allocator_traitsISaINSt7__cxx1112basic_stringIcSt11char_traitsIcESaIcEEEEE9constructIS5_JRKS5_EEEvRS6_PT_DpOT0_
FN:474,_ZNSt16allocator_traitsISaIPN4Json5ValueEEE9constructIS2_JS2_EEEvRS3_PT_DpOT0_
FN:474,_ZNSt16allocator_traitsISaISt13_Rb_tree_nodeISt4pairIKN4Json5Value8CZStringES3_EEEE9constructIS6_JRS6_EEEvRS8_PT_DpOT0_
FN:474,_ZNSt16allocator_traitsISaIN4Json9OurReader15StructuredErrorEEE9constructIS2_JRKS2_EEEvRS3_PT_DpOT0_
FN:474,_ZNSt16allocator_traitsISaISt13_Rb_tree_nodeISt4pairIKN4Json5Value8CZStringES3_EEEE9constructIS6_JRKS6_EEEvRS8_PT_DpOT0_
FN:474,_ZNSt16allocator_traitsISaISt13_Rb_tree_nodeISt4pairIKN4Json5Value8CZStringES3_EEEE9constructIS6_JRKSt21piecewise_construct_tSt5tupleIJRS5_EESE_IJEEEEEvRS8_PT_DpOT0_
FN:474,_ZNSt16allocator_traitsISaIN4Json12PathArgumentEEE9constructIS1_JRKS1_EEEvRS2_PT_DpOT0_
FN:474,_ZNSt16allocator_traitsISaIN4Json6Reader15StructuredErrorEEE9constructIS2_JRKS2_EEEvRS3_PT_DpOT0_
FN:486,_ZNSt16allocator_traitsISaIN4Json6Reader15StructuredErrorEEE7destroyIS2_EEvRS3_PT_
FN:486,_ZNSt16allocator_traitsISaIPN4Json5ValueEEE7destroyIS2_EEvRS3_PT_
FN:486,_ZNSt16allocator_traitsISaISt13_Rb_tree_nodeINSt7__cxx1112basic_stringIcSt11char_traitsIcESaIcEEEEEE7destroyIS6_EEvRS8_PT_
FN:486,_ZNSt16allocator_traitsISaIPKN4Json12PathArgumentEEE7destroyIS3_EEvRS4_PT_
FN:486,_ZNSt16allocator_traitsISaISt13_Rb_tree_nodeISt4pairIKN4Json5Value8CZStringES3_EEEE7destroyIS6_EEvRS8_PT_
FN:486,_ZNSt16allocator_traitsISaIN4Json12PathArgumentEEE7destroyIS1_EEvRS2_PT_
FN:486,_ZNSt16allocator_traitsISaIN4Json9OurReader15StructuredErrorEEE7destroyIS2_EEvRS3_PT_
FN:486,_ZNSt16allocator_traitsISaINSt7__cxx1112basic_stringIcSt11char_traitsIcESaIcEEEEE7destroyIS5_EEvRS6_PT_
FN:495,_ZNSt16allocator_traitsISaIN4Json9OurReader15StructuredErrorEEE8max_sizeERKS3_
FN:495,_ZNSt16allocator_traitsISaINSt7__cxx1112basic_stringIcSt11char_traitsIcESaIcEEEEE8max_sizeERKS6_
FN:495,_ZNSt16allocator_traitsISaIN4Json12PathArgumentEEE8max_sizeERKS2_
FN:495,_ZNSt16allocator_traitsISaIN4Json9OurReader9ErrorInfoEEE8max_sizeERKS3_
FN:495,_ZNSt16allocator_traitsISaIcEE8max_sizeERKS0_
FN:495,_ZNSt16allocator_traitsISaIN4Json6Reader9ErrorInfoEEE8max_sizeERKS3_
FN:495,_ZNSt16allocator_traitsISaIPKN4Json12PathArgumentEEE8max_sizeERKS4_
FN:495,_ZNSt16allocator_traitsISaIN4Json6Reader15StructuredErrorEEE8max_sizeERKS3_
FN:504,_ZNSt16allocator_traitsISaISt13_Rb_tree_nodeISt4pairIKN4Json5Value8CZStringES3_EEEE37select_on_container_copy_constructionERKS8_
FN:504,_ZNSt16allocator_traitsISaIcEE37select_on_container_copy_constructionERKS0_
FN:516,_ZSt18__do_alloc_on_copyISaIcEEvRT_RKS1_St17integral_constantIbLb0EE
FN:520,_ZSt15__alloc_on_copyISaIcEEvRT_RKS1_
FN:535,_ZSt18__do_alloc_on_moveISaIcEEvRT_S2_St17integral_constantIbLb1EE
FN:543,_ZSt15__alloc_on_moveISaIcEEvRT_S2_
FNDA:0,_ZNSt16allocator_traitsISaISt13_Rb_tree_nodeINSt7__cxx1112basic_stringIcSt11char_traitsIcESaIcEEEEEE8allocateERS8_m
FNDA:2,_ZNSt16allocator_traitsISaIPN4Json5ValueEEE8allocateERS3_m
FNDA:2,_ZNSt16allocator_traitsISaIPPN4Json5ValueEEE8allocateERS4_m
FNDA:4798,_ZNSt16allocator_traitsISaISt13_Rb_tree_nodeISt4pairIKN4Json5Value8CZStringES3_EEEE8allocateERS8_m
FNDA:2,_ZNSt16allocator_traitsISaIPN4Json9OurReader9ErrorInfoEEE8allocateERS4_m
FNDA:0,_ZNSt16allocator_traitsISaIPN4Json6Reader9ErrorInfoEEE8allocateERS4_m
FNDA:0,_ZNSt16allocator_traitsISaIN4Json12PathArgumentEEE8allocateERS2_m
FNDA:0,_ZNSt16allocator_traitsISaIPKN4Json12PathArgumentEEE8allocateERS4_m
FNDA:0,_ZNSt16allocator_traitsISaINSt7__cxx1112basic_stringIcSt11char_traitsIcESaIcEEEEE8allocateERS6_m
FNDA:0,_ZNSt16allocator_traitsISaIN4Json9OurReader15StructuredErrorEEE8allocateERS3_m
FNDA:2,_ZNSt16allocator_traitsISaIN4Json9OurReader9ErrorInfoEEE8allocateERS3_m
FNDA:0,_ZNSt16allocator_traitsISaIN4Json6Reader15StructuredErrorEEE8allocateERS3_m
FNDA:0,_ZNSt16allocator_traitsISaIN4Json6Reader9ErrorInfoEEE8allocateERS3_m
FNDA:0,_ZNSt16allocator_traitsISaIcEE8allocateERS0_m
FNDA:4798,_ZNSt16allocator_traitsISaISt13_Rb_tree_nodeISt4pairIKN4Json5Value8CZStringES3_EEEE10deallocateERS8_PS7_m
FNDA:0,_ZNSt16allocator_traitsISaISt13_Rb_tree_nodeINSt7__cxx1112basic_stringIcSt11char_traitsIcESaIcEEEEEE10deallocateERS8_PS7_m
FNDA:2,_ZNSt16allocator_traitsISaIPN4Json5ValueEEE10deallocateERS3_PS2_m
FNDA:0,_ZNSt16allocator_traitsISaIN4Json12PathArgumentEEE10deallocateERS2_PS1_m
FNDA:0,_ZNSt16allocator_traitsISaIN4Json9OurReader15StructuredErrorEEE10deallocateERS3_PS2_m
FNDA:2,_ZNSt16allocator_traitsISaIN4Json9OurReader9ErrorInfoEEE10deallocateERS3_PS2_m
FNDA:2,_ZNSt16allocator_traitsISaIPN4Json9OurReader9ErrorInfoEEE10deallocateERS4_PS3_m
FNDA:0,_ZNSt16allocator_traitsISaIN4Json6Reader15StructuredErrorEEE10deallocateERS3_PS2_m
FNDA:0,_ZNSt16allocator_traitsISaIN4Json6Reader9ErrorInfoEEE10deallocateERS3_PS2_m
FNDA:0,_ZNSt16allocator_traitsISaIPN4Json6Reader9ErrorInfoEEE10deallocateERS4_PS3_m
FNDA:2,_ZNSt16allocator_traitsISaIPPN4Json5ValueEEE10deallocateERS4_PS3_m
FNDA:0,_ZNSt16allocator_traitsISaIPKN4Json12PathArgumentEEE10deallocateERS4_PS3_m
FNDA:0,_ZNSt16allocator_traitsISaINSt7__cxx1112basic_stringIcSt11char_traitsIcESaIcEEEEE10deallocateERS6_PS5_m
FNDA:0,_ZNSt16allocator_traitsISaIcEE10deallocateERS0_Pcm
FNDA:2972,_ZNSt16allocator_traitsISaISt13_Rb_tree_nodeISt4pairIKN4Json5Value8CZStringES3_EEEE9constructIS6_JRKS6_EEEvRS8_PT_DpOT0_
FNDA:0,_ZNSt16allocator_traitsISaISt13_Rb_tree_nodeINSt7__cxx1112basic_stringIcSt11char_traitsIcESaIcEEEEEE9constructIS6_JS6_EEEvRS8_PT_DpOT0_
FNDA:0,_ZNSt16allocator_traitsISaISt13_Rb_tree_nodeISt4pairIKN4Json5Value8CZStringES3_EEEE9constructIS6_JRKSt21piecewise_construct_tSt5tupleIJRS5_EESE_IJEEEEEvRS8_PT_DpOT0_
FNDA:1826,_ZNSt16allocator_traitsISaISt13_Rb_tree_nodeISt4pairIKN4Json5Value8CZStringES3_EEEE9constructIS6_JRS6_EEEvRS8_PT_DpOT0_
FNDA:1808,_ZNSt16allocator_traitsISaIPN4Json5ValueEEE9constructIS2_JS2_EEEvRS3_PT_DpOT0_
FNDA:0,_ZNSt16allocator_traitsISaIN4Json12PathArgumentEEE9constructIS1_JS1_EEEvRS2_PT_DpOT0_
FNDA:0,_ZNSt16allocator_traitsISaIPKN4Json12PathArgumentEEE9constructIS3_JS3_EEEvRS4_PT_DpOT0_
FNDA:0,_ZNSt16allocator_traitsISaINSt7__cxx1112basic_stringIcSt11char_traitsIcESaIcEEEEE9constructIS5_JS5_EEEvRS6_PT_DpOT0_
FNDA:0,_ZNSt16allocator_traitsISaINSt7__cxx1112basic_stringIcSt11char_traitsIcESaIcEEEEE9constructIS5_JRKS5_EEEvRS6_PT_DpOT0_
FNDA:0,_ZNSt16allocator_traitsISaIN4Json12PathArgumentEEE9constructIS1_JRKS1_EEEvRS2_PT_DpOT0_
FNDA:0,_ZNSt16allocator_traitsISaIN4Json9OurReader15StructuredErrorEEE9constructIS2_JRKS2_EEEvRS3_PT_DpOT0_
FNDA:0,_ZNSt16allocator_traitsISaIN4Json9OurReader9ErrorInfoEEE9constructIS2_JRKS2_EEEvRS3_PT_DpOT0_
FNDA:0,_ZNSt16allocator_traitsISaIN4Json6Reader15StructuredErrorEEE9constructIS2_JRKS2_EEEvRS3_PT_DpOT0_
FNDA:0,_ZNSt16allocator_traitsISaIN4Json6Reader9ErrorInfoEEE9constructIS2_JRKS2_EEEvRS3_PT_DpOT0_
FNDA:4798,_ZNSt16allocator_traitsISaISt13_Rb_tree_nodeISt4pairIKN4Json5Value8CZStringES3_EEEE7destroyIS6_EEvRS8_PT_
FNDA:0,_ZNSt16allocator_traitsISaISt13_Rb_tree_nodeINSt7__cxx1112basic_stringIcSt11char_traitsIcESaIcEEEEEE7destroyIS6_EEvRS8_PT_
FNDA:0,_ZNSt16allocator_traitsISaIPKN4Json12PathArgumentEEE7destroyIS3_EEvRS4_PT_
FNDA:0,_ZNSt16allocator_traitsISaINSt7__cxx1112basic_stringIcSt11char_traitsIcESaIcEEEEE7destroyIS5_EEvRS6_PT_
FNDA:0,_ZNSt16allocator_traitsISaIN4Json12PathArgumentEEE7destroyIS1_EEvRS2_PT_
FNDA:0,_ZNSt16allocator_traitsISaIN4Json9OurReader15StructuredErrorEEE7destroyIS2_EEvRS3_PT_
FNDA:0,_ZNSt16allocator_traitsISaIN4Json6Reader15StructuredErrorEEE7destroyIS2_EEvRS3_PT_
FNDA:1808,_ZNSt16allocator_traitsISaIPN4Json5ValueEEE7destroyIS2_EEvRS3_PT_
FNDA:0,_ZNSt16allocator_traitsISaIN4Json9OurReader9ErrorInfoEEE8max_sizeERKS3_
FNDA:0,_ZNSt16allocator_traitsISaIN4Json6Reader9ErrorInfoEEE8max_sizeERKS3_
FNDA:0,_ZNSt16allocator_traitsISaIN4Json12PathArgumentEEE8max_sizeERKS2_
FNDA:0,_ZNSt16allocator_traitsISaIN4Json9OurReader15StructuredErrorEEE8max_sizeERKS3_
FNDA:0,_ZNSt16allocator_traitsISaIN4Json6Reader15StructuredErrorEEE8max_sizeERKS3_
FNDA:0,_ZNSt16allocator_traitsISaIcEE8max_sizeERKS0_
FNDA:0,_ZNSt16allocator_traitsISaIPKN4Json12PathArgumentEEE8max_sizeERKS4_
FNDA:0,_ZNSt16allocator_traitsISaINSt7__cxx1112basic_stringIcSt11char_traitsIcESaIcEEEEE8max_sizeERKS6_
FNDA:628,_ZNSt16allocator_traitsISaISt13_Rb_tree_nodeISt4pairIKN4Json5Value8CZStringES3_EEEE37select_on_container_copy_constructionERKS8_
FNDA:0,_ZNSt16allocator_traitsISaIcEE37select_on_container_copy_constructionERKS0_
FNDA:0,_ZSt18__do_alloc_on_copyISaIcEEvRT_RKS1_St17integral_constantIbLb0EE
FNDA:0,_ZSt15__alloc_on_copyISaIcEEvRT_RKS1_
FNDA:0,_ZSt18__do_alloc_on_moveISaIcEEvRT_S2_St17integral_constantIbLb1EE
FNDA:0,_ZSt15__alloc_on_moveISaIcEEvRT_S2_
FNF:64
FNH:16
DA:435,4806
DA:436,4806
DA:437,0
DA:438,0
DA:439,2
DA:440,2
DA:441,2
DA:442,2
DA:443,4798
DA:444,4798
DA:445,2
DA:446,2
DA:447,0
DA:448,0
DA:449,0
DA:450,0
DA:451,0
DA:452,0
DA:453,0
DA:454,0
DA:455,0
DA:456,0
DA:457,2
DA:458,2
DA:459,0
DA:460,0
DA:461,0
DA:462,0
DA:463,0
DA:464,0
DA:489,4806
DA:490,4806
DA:491,4798
DA:492,4798
DA:493,0
DA:494,0
DA:495,2
DA:496,2
DA:497,0
DA:498,0
DA:499,0
DA:500,0
DA:501,2
DA:502,2
DA:503,2
DA:504,2
DA:505,0
DA:506,0
DA:507,0
DA:508,0
DA:509,0
DA:510,0
DA:511,2
DA:512,2
DA:513,0
DA:514,0
DA:515,0
DA:516,0
DA:517,0
DA:518,0
DA:530,6606
DA:531,6606
DA:532,2972
DA:533,2972
DA:534,0
DA:535,0
DA:536,0
DA:537,0
DA:538,1826
DA:539,1826
DA:540,1808
DA:541,1808
DA:542,0
DA:543,0
DA:544,0
DA:545,0
DA:546,0
DA:547,0
DA:548,0
DA:549,0
DA:550,0
DA:551,0
DA:552,0
DA:553,0
DA:554,0
DA:555,0
DA:556,0
DA:557,0
DA:558,0
DA:559,0
DA:570,6606
DA:571,6606
DA:572,4798
DA:573,4798
DA:574,0
DA:575,0
DA:576,0
DA:577,0
DA:578,0
DA:579,0
DA:580,0
DA:581,0
DA:582,0
DA:583,0
DA:584,0
DA:585,0
DA:586,1808
DA:587,1808
DA:595,0
DA:596,0
DA:597,0
DA:598,0
DA:599,0
DA:600,0
DA:601,0
DA:602,0
DA:603,0
DA:604,0
DA:605,0
DA:606,0
DA:607,0
DA:608,0
DA:609,0
DA:610,0
DA:611,0
DA:612,0
DA:620,628
DA:621,628
DA:622,628
DA:623,628
DA:624,0
DA:625,0
DA:636,0
DA:637,0
DA:640,0
DA:644,0
DA:645,0
DA:655,0
DA:656,0
DA:663,0
DA:667,0
DA:668,0
LF:142
LH:42
end_of_record
SF:/usr/include/c++/8/bits/allocator.h
FN:131,_ZNSaISt13_Rb_tree_nodeINSt7__cxx1112basic_stringIcSt11char_traitsIcESaIcEEEEEC2Ev
FN:131,_ZNSaIN4Json6Reader9ErrorInfoEEC2Ev
FN:131,_ZNSaISt13_Rb_tree_nodeISt4pairIKN4Json5Value8CZStringES2_EEEC2Ev
FN:131,_ZNSaIPKN4Json12PathArgumentEEC2Ev
FN:131,_ZNSaIN4Json12PathArgumentEEC2Ev
FN:131,_ZNSaIPN4Json5ValueEEC2Ev
FN:131,_ZNSaIN4Json9OurReader9ErrorInfoEEC2Ev
FN:131,_ZNSaINSt7__cxx1112basic_stringIcSt11char_traitsIcESaIcEEEEC2Ev
FN:131,_ZNSaIN4Json9OurReader15StructuredErrorEEC2Ev
FN:131,_ZNSaIN4Json6Reader15StructuredErrorEEC2Ev
FN:133,_ZNSaINSt7__cxx1112basic_stringIcSt11char_traitsIcESaIcEEEEC2ERKS5_
FN:133,_ZNSaISt13_Rb_tree_nodeISt4pairIKN4Json5Value8CZStringES2_EEEC2ERKS7_
FN:137,_ZNSaIPN4Json6Reader9ErrorInfoEEC2IS1_EERKSaIT_E
FN:137,_ZNSaIPN4Json9OurReader9ErrorInfoEEC2IS1_EERKSaIT_E
FN:137,_ZNSaIPPN4Json5ValueEEC2IS1_EERKSaIT_E
FN:139,_ZNSaIN4Json9OurReader9ErrorInfoEED2Ev
FN:139,_ZNSaIN4Json6Reader9ErrorInfoEED2Ev
FN:139,_ZNSaINSt7__cxx1112basic_stringIcSt11char_traitsIcESaIcEEEED2Ev
FN:139,_ZNSaIN4Json9OurReader15StructuredErrorEED2Ev
FN:139,_ZNSaIPN4Json6Reader9ErrorInfoEED2Ev
FN:139,_ZNSaIPPN4Json5ValueEED2Ev
FN:139,_ZNSaIPKN4Json12PathArgumentEED2Ev
FN:139,_ZNSaIPN4Json5ValueEED2Ev
FN:139,_ZNSaIN4Json6Reader15StructuredErrorEED2Ev
FN:139,_ZNSaIPN4Json9OurReader9ErrorInfoEED2Ev
FN:139,_ZNSaISt13_Rb_tree_nodeINSt7__cxx1112basic_stringIcSt11char_traitsIcESaIcEEEEED2Ev
FN:139,_ZNSaIN4Json12PathArgumentEED2Ev
FN:139,_ZNSaISt13_Rb_tree_nodeISt4pairIKN4Json5Value8CZStringES2_EEED2Ev
FN:152,_ZSteqIcEbRKSaIT_ES3_
FN:164,_ZStneIcEbRKSaIT_ES3_
FNDA:2,_ZNSaIPN4Json5ValueEEC2Ev
FNDA:0,_ZNSaIPKN4Json12PathArgumentEEC2Ev
FNDA:0,_ZNSaIN4Json12PathArgumentEEC2Ev
FNDA:0,_ZNSaINSt7__cxx1112basic_stringIcSt11char_traitsIcESaIcEEEEC2Ev
FNDA:0,_ZNSaIN4Json9OurReader15StructuredErrorEEC2Ev
FNDA:2,_ZNSaIN4Json9OurReader9ErrorInfoEEC2Ev
FNDA:0,_ZNSaIN4Json6Reader15StructuredErrorEEC2Ev
FNDA:0,_ZNSaIN4Json6Reader9ErrorInfoEEC2Ev
FNDA:418,_ZNSaISt13_Rb_tree_nodeISt4pairIKN4Json5Value8CZStringES2_EEEC2Ev
FNDA:0,_ZNSaISt13_Rb_tree_nodeINSt7__cxx1112basic_stringIcSt11char_traitsIcESaIcEEEEEC2Ev
FNDA:0,_ZNSaINSt7__cxx1112basic_stringIcSt11char_traitsIcESaIcEEEEC2ERKS5_
FNDA:628,_ZNSaISt13_Rb_tree_nodeISt4pairIKN4Json5Value8CZStringES2_EEEC2ERKS7_
FNDA:4,_ZNSaIPN4Json9OurReader9ErrorInfoEEC2IS1_EERKSaIT_E
FNDA:0,_ZNSaIPN4Json6Reader9ErrorInfoEEC2IS1_EERKSaIT_E
FNDA:4,_ZNSaIPPN4Json5ValueEEC2IS1_EERKSaIT_E
FNDA:4,_ZNSaIPN4Json9OurReader9ErrorInfoEED2Ev
FNDA:0,_ZNSaIPN4Json6Reader9ErrorInfoEED2Ev
FNDA:4,_ZNSaIPPN4Json5ValueEED2Ev
FNDA:0,_ZNSaIPKN4Json12PathArgumentEED2Ev
FNDA:0,_ZNSaIN4Json12PathArgumentEED2Ev
FNDA:0,_ZNSaINSt7__cxx1112basic_stringIcSt11char_traitsIcESaIcEEEED2Ev
FNDA:0,_ZNSaIN4Json9OurReader15StructuredErrorEED2Ev
FNDA:2,_ZNSaIN4Json9OurReader9ErrorInfoEED2Ev
FNDA:0,_ZNSaIN4Json6Reader15StructuredErrorEED2Ev
FNDA:0,_ZNSaIN4Json6Reader9ErrorInfoEED2Ev
FNDA:2,_ZNSaIPN4Json5ValueEED2Ev
FNDA:1046,_ZNSaISt13_Rb_tree_nodeISt4pairIKN4Json5Value8CZStringES2_EEED2Ev
FNDA:0,_ZNSaISt13_Rb_tree_nodeINSt7__cxx1112basic_stringIcSt11char_traitsIcESaIcEEEEED2Ev
FNDA:0,_ZSteqIcEbRKSaIT_ES3_
FNDA:0,_ZStneIcEbRKSaIT_ES3_
FNF:30
FNH:11
DA:131,422
DA:133,628
DA:134,628
DA:135,0
DA:136,0
DA:137,628
DA:138,628
DA:141,8
DA:143,1058
DA:156,0
DA:158,0
DA:168,0
DA:170,0
LF:13
LH:7
end_of_record
SF:/usr/include/c++/8/bits/basic_string.h
FN:145,_ZNSt7__cxx1112basic_stringIcSt11char_traitsIcESaIcEE12_Alloc_hiderC2EPcRKS3_
FN:148,_ZNSt7__cxx1112basic_stringIcSt11char_traitsIcESaIcEE12_Alloc_hiderC2EPcOS3_
FN:167,_ZNSt7__cxx1112basic_stringIcSt11char_traitsIcESaIcEE7_M_dataEPc
FN:171,_ZNSt7__cxx1112basic_stringIcSt11char_traitsIcESaIcEE9_M_lengthEm
FN:175,_ZNKSt7__cxx1112basic_stringIcSt11char_traitsIcESaIcEE7_M_dataEv
FN:179,_ZNSt7__cxx1112basic_stringIcSt11char_traitsIcESaIcEE13_M_local_dataEv
FN:189,_ZNKSt7__cxx1112basic_stringIcSt11char_traitsIcESaIcEE13_M_local_dataEv
FN:199,_ZNSt7__cxx1112basic_stringIcSt11char_traitsIcESaIcEE11_M_capacityEm
FN:203,_ZNSt7__cxx1112basic_stringIcSt11char_traitsIcESaIcEE13_M_set_lengthEm
FN:210,_ZNKSt7__cxx1112basic_stringIcSt11char_traitsIcESaIcEE11_M_is_localEv
FN:218,_ZNSt7__cxx1112basic_stringIcSt11char_traitsIcESaIcEE10_M_disposeEv
FN:225,_ZNSt7__cxx1112basic_stringIcSt11char_traitsIcESaIcEE10_M_destroyEm
FN:232,_ZNSt7__cxx1112basic_stringIcSt11char_traitsIcESaIcEE16_M_construct_auxIPKcEEvT_S8_St12__false_type
FN:232,_ZNSt7__cxx1112basic_stringIcSt11char_traitsIcESaIcEE16_M_construct_auxIPcEEvT_S7_St12__false_type
FN:252,_ZNSt7__cxx1112basic_stringIcSt11char_traitsIcESaIcEE12_M_constructIPcEEvT_S7_
FN:252,_ZNSt7__cxx1112basic_stringIcSt11char_traitsIcESaIcEE12_M_constructIPKcEEvT_S8_
FN:275,_ZNSt7__cxx1112basic_stringIcSt11char_traitsIcESaIcEE16_M_get_allocatorEv
FN:279,_ZNKSt7__cxx1112basic_stringIcSt11char_traitsIcESaIcEE16_M_get_allocatorEv
FN:299,_ZNKSt7__cxx1112basic_stringIcSt11char_traitsIcESaIcEE8_M_checkEmPKc
FN:309,_ZNKSt7__cxx1112basic_stringIcSt11char_traitsIcESaIcEE15_M_check_lengthEmmPKc
FN:318,_ZNKSt7__cxx1112basic_stringIcSt11char_traitsIcESaIcEE8_M_limitEmm
FN:326,_ZNKSt7__cxx1112basic_stringIcSt11char_traitsIcESaIcEE11_M_disjunctEPKc
FN:335,_ZNSt7__cxx1112basic_stringIcSt11char_traitsIcESaIcEE7_S_copyEPcPKcm
FN:344,_ZNSt7__cxx1112basic_stringIcSt11char_traitsIcESaIcEE7_S_moveEPcPKcm
FN:353,_ZNSt7__cxx1112basic_stringIcSt11char_traitsIcESaIcEE9_S_assignEPcmc
FN:381,_ZNSt7__cxx1112basic_stringIcSt11char_traitsIcESaIcEE13_S_copy_charsEPcS5_S5_
FN:385,_ZNSt7__cxx1112basic_stringIcSt11char_traitsIcESaIcEE13_S_copy_charsEPcPKcS7_
FN:390,_ZNSt7__cxx1112basic_stringIcSt11char_traitsIcESaIcEE10_S_compareEmm
FN:420,_ZNSt7__cxx1112basic_stringIcSt11char_traitsIcESaIcEEC2Ev
FN:437,_ZNSt7__cxx1112basic_stringIcSt11char_traitsIcESaIcEEC2ERKS4_
FN:499,_ZNSt7__cxx1112basic_stringIcSt11char_traitsIcESaIcEEC2EPKcmRKS3_
FN:514,_ZNSt7__cxx1112basic_stringIcSt11char_traitsIcESaIcEEC2IS3_EEPKcRKS3_
FN:529,_ZNSt7__cxx1112basic_stringIcSt11char_traitsIcESaIcEEC2IS3_EEmcRKS3_
FN:541,_ZNSt7__cxx1112basic_stringIcSt11char_traitsIcESaIcEEC2EOS4_
FN:614,_ZNSt7__cxx1112basic_stringIcSt11char_traitsIcESaIcEEC2IPKcvEET_S8_RKS3_
FN:656,_ZNSt7__cxx1112basic_stringIcSt11char_traitsIcESaIcEED2Ev
FN:664,_ZNSt7__cxx1112basic_stringIcSt11char_traitsIcESaIcEEaSERKS4_
FN:703,_ZNSt7__cxx1112basic_stringIcSt11char_traitsIcESaIcEEaSEPKc
FN:732,_ZNSt7__cxx1112basic_stringIcSt11char_traitsIcESaIcEEaSEOS4_
FN:826,_ZNSt7__cxx1112basic_stringIcSt11char_traitsIcESaIcEE5beginEv
FN:834,_ZNKSt7__cxx1112basic_stringIcSt11char_traitsIcESaIcEE5beginEv
FN:842,_ZNSt7__cxx1112basic_stringIcSt11char_traitsIcESaIcEE3endEv
FN:850,_ZNKSt7__cxx1112basic_stringIcSt11char_traitsIcESaIcEE3endEv
FN:930,_ZNKSt7__cxx1112basic_stringIcSt11char_traitsIcESaIcEE4sizeEv
FN:936,_ZNKSt7__cxx1112basic_stringIcSt11char_traitsIcESaIcEE6lengthEv
FN:941,_ZNKSt7__cxx1112basic_stringIcSt11char_traitsIcESaIcEE8max_sizeEv
FN:968,_ZNSt7__cxx1112basic_stringIcSt11char_traitsIcESaIcEE6resizeEm
FN:993,_ZNKSt7__cxx1112basic_stringIcSt11char_traitsIcESaIcEE8capacityEv
FN:1023,_ZNSt7__cxx1112basic_stringIcSt11char_traitsIcESaIcEE5clearEv
FN:1031,_ZNKSt7__cxx1112basic_stringIcSt11char_traitsIcESaIcEE5emptyEv
FN:1063,_ZNSt7__cxx1112basic_stringIcSt11char_traitsIcESaIcEEixEm
FN:1143,_ZNSt7__cxx1112basic_stringIcSt11char_traitsIcESaIcEE4backEv
FN:1168,_ZNSt7__cxx1112basic_stringIcSt11char_traitsIcESaIcEEpLERKS4_
FN:1177,_ZNSt7__cxx1112basic_stringIcSt11char_traitsIcESaIcEEpLEPKc
FN:1186,_ZNSt7__cxx1112basic_stringIcSt11char_traitsIcESaIcEEpLEc
FN:1221,_ZNSt7__cxx1112basic_stringIcSt11char_traitsIcESaIcEE6appendERKS4_
FN:1250,_ZNSt7__cxx1112basic_stringIcSt11char_traitsIcESaIcEE6appendEPKcm
FN:1263,_ZNSt7__cxx1112basic_stringIcSt11char_traitsIcESaIcEE6appendEPKc
FN:1280,_ZNSt7__cxx1112basic_stringIcSt11char_traitsIcESaIcEE6appendEmc
FN:1349,_ZNSt7__cxx1112basic_stringIcSt11char_traitsIcESaIcEE9push_backEc
FN:1364,_ZNSt7__cxx1112basic_stringIcSt11char_traitsIcESaIcEE6assignERKS4_
FN:1435,_ZNSt7__cxx1112basic_stringIcSt11char_traitsIcESaIcEE6assignEPKc
FN:1470,_ZNSt7__cxx1112basic_stringIcSt11char_traitsIcESaIcEE6assignIN9__gnu_cxx17__normal_iteratorIPKcS4_EEvEERS4_T_SC_
FN:1696,_ZNSt7__cxx1112basic_stringIcSt11char_traitsIcESaIcEE6insertEmPKc
FN:1836,_ZNSt7__cxx1112basic_stringIcSt11char_traitsIcESaIcEE5eraseEN9__gnu_cxx17__normal_iteratorIPKcS4_EES9_
FN:1855,_ZNSt7__cxx1112basic_stringIcSt11char_traitsIcESaIcEE8pop_backEv
FN:1927,_ZNSt7__cxx1112basic_stringIcSt11char_traitsIcESaIcEE7replaceEmmPKcm
FN:2147,_ZNSt7__cxx1112basic_stringIcSt11char_traitsIcESaIcEE7replaceEN9__gnu_cxx17__normal_iteratorIPKcS4_EES9_S9_S9_
FN:2290,_ZNKSt7__cxx1112basic_stringIcSt11char_traitsIcESaIcEE5c_strEv
FN:2302,_ZNKSt7__cxx1112basic_stringIcSt11char_traitsIcESaIcEE4dataEv
FN:2313,_ZNSt7__cxx1112basic_stringIcSt11char_traitsIcESaIcEE4dataEv
FN:2843,_ZNKSt7__cxx1112basic_stringIcSt11char_traitsIcESaIcEE7compareERKS4_
FN:6016,_ZStplIcSt11char_traitsIcESaIcEENSt7__cxx1112basic_stringIT_T0_T1_EEPKS5_OS8_
FN:6028,_ZStplIcSt11char_traitsIcESaIcEENSt7__cxx1112basic_stringIT_T0_T1_EEOS8_PKS5_
FN:6082,_ZSteqIcSt11char_traitsIcESaIcEEbRKNSt7__cxx1112basic_stringIT_T0_T1_EEPKS5_
FN:6133,_ZStltIcSt11char_traitsIcESaIcEEbRKNSt7__cxx1112basic_stringIT_T0_T1_EESA_
FNDA:0,_ZNSt7__cxx1112basic_stringIcSt11char_traitsIcESaIcEE12_Alloc_hiderC2EPcRKS3_
FNDA:0,_ZNSt7__cxx1112basic_stringIcSt11char_traitsIcESaIcEE12_Alloc_hiderC2EPcOS3_
FNDA:0,_ZNSt7__cxx1112basic_stringIcSt11char_traitsIcESaIcEE7_M_dataEPc
FNDA:0,_ZNSt7__cxx1112basic_stringIcSt11char_traitsIcESaIcEE9_M_lengthEm
FNDA:0,_ZNKSt7__cxx1112basic_stringIcSt11char_traitsIcESaIcEE7_M_dataEv
FNDA:0,_ZNSt7__cxx1112basic_stringIcSt11char_traitsIcESaIcEE13_M_local_dataEv
FNDA:0,_ZNKSt7__cxx1112basic_stringIcSt11char_traitsIcESaIcEE13_M_local_dataEv
FNDA:0,_ZNSt7__cxx1112basic_stringIcSt11char_traitsIcESaIcEE11_M_capacityEm
FNDA:0,_ZNSt7__cxx1112basic_stringIcSt11char_traitsIcESaIcEE13_M_set_lengthEm
FNDA:0,_ZNKSt7__cxx1112basic_stringIcSt11char_traitsIcESaIcEE11_M_is_localEv
FNDA:0,_ZNSt7__cxx1112basic_stringIcSt11char_traitsIcESaIcEE10_M_disposeEv
FNDA:0,_ZNSt7__cxx1112basic_stringIcSt11char_traitsIcESaIcEE10_M_destroyEm
FNDA:0,_ZNSt7__cxx1112basic_stringIcSt11char_traitsIcESaIcEE16_M_construct_auxIPcEEvT_S7_St12__false_type
FNDA:0,_ZNSt7__cxx1112basic_stringIcSt11char_traitsIcESaIcEE16_M_construct_auxIPKcEEvT_S8_St12__false_type
FNDA:0,_ZNSt7__cxx1112basic_stringIcSt11char_traitsIcESaIcEE12_M_constructIPcEEvT_S7_
FNDA:0,_ZNSt7__cxx1112basic_stringIcSt11char_traitsIcESaIcEE12_M_constructIPKcEEvT_S8_
FNDA:0,_ZNSt7__cxx1112basic_stringIcSt11char_traitsIcESaIcEE16_M_get_allocatorEv
FNDA:0,_ZNKSt7__cxx1112basic_stringIcSt11char_traitsIcESaIcEE16_M_get_allocatorEv
FNDA:0,_ZNKSt7__cxx1112basic_stringIcSt11char_traitsIcESaIcEE8_M_checkEmPKc
FNDA:0,_ZNKSt7__cxx1112basic_stringIcSt11char_traitsIcESaIcEE15_M_check_lengthEmmPKc
FNDA:0,_ZNKSt7__cxx1112basic_stringIcSt11char_traitsIcESaIcEE8_M_limitEmm
FNDA:0,_ZNKSt7__cxx1112basic_stringIcSt11char_traitsIcESaIcEE11_M_disjunctEPKc
FNDA:0,_ZNSt7__cxx1112basic_stringIcSt11char_traitsIcESaIcEE7_S_copyEPcPKcm
FNDA:0,_ZNSt7__cxx1112basic_stringIcSt11char_traitsIcESaIcEE7_S_moveEPcPKcm
FNDA:0,_ZNSt7__cxx1112basic_stringIcSt11char_traitsIcESaIcEE9_S_assignEPcmc
FNDA:0,_ZNSt7__cxx1112basic_stringIcSt11char_traitsIcESaIcEE13_S_copy_charsEPcS5_S5_
FNDA:0,_ZNSt7__cxx1112basic_stringIcSt11char_traitsIcESaIcEE13_S_copy_charsEPcPKcS7_
FNDA:0,_ZNSt7__cxx1112basic_stringIcSt11char_traitsIcESaIcEE10_S_compareEmm
FNDA:0,_ZNSt7__cxx1112basic_stringIcSt11char_traitsIcESaIcEEC2Ev
FNDA:0,_ZNSt7__cxx1112basic_stringIcSt11char_traitsIcESaIcEEC2ERKS4_
FNDA:0,_ZNSt7__cxx1112basic_stringIcSt11char_traitsIcESaIcEEC2EPKcmRKS3_
FNDA:0,_ZNSt7__cxx1112basic_stringIcSt11char_traitsIcESaIcEEC2IS3_EEPKcRKS3_
FNDA:0,_ZNSt7__cxx1112basic_stringIcSt11char_traitsIcESaIcEEC2IS3_EEmcRKS3_
FNDA:0,_ZNSt7__cxx1112basic_stringIcSt11char_traitsIcESaIcEEC2EOS4_
FNDA:0,_ZNSt7__cxx1112basic_stringIcSt11char_traitsIcESaIcEEC2IPKcvEET_S8_RKS3_
FNDA:0,_ZNSt7__cxx1112basic_stringIcSt11char_traitsIcESaIcEED2Ev
FNDA:0,_ZNSt7__cxx1112basic_stringIcSt11char_traitsIcESaIcEEaSERKS4_
FNDA:0,_ZNSt7__cxx1112basic_stringIcSt11char_traitsIcESaIcEEaSEPKc
FNDA:0,_ZNSt7__cxx1112basic_stringIcSt11char_traitsIcESaIcEEaSEOS4_
FNDA:0,_ZNSt7__cxx1112basic_stringIcSt11char_traitsIcESaIcEE5beginEv
FNDA:0,_ZNKSt7__cxx1112basic_stringIcSt11char_traitsIcESaIcEE5beginEv
FNDA:0,_ZNSt7__cxx1112basic_stringIcSt11char_traitsIcESaIcEE3endEv
FNDA:0,_ZNKSt7__cxx1112basic_stringIcSt11char_traitsIcESaIcEE3endEv
FNDA:0,_ZNKSt7__cxx1112basic_stringIcSt11char_traitsIcESaIcEE4sizeEv
FNDA:0,_ZNKSt7__cxx1112basic_stringIcSt11char_traitsIcESaIcEE6lengthEv
FNDA:0,_ZNKSt7__cxx1112basic_stringIcSt11char_traitsIcESaIcEE8max_sizeEv
FNDA:0,_ZNSt7__cxx1112basic_stringIcSt11char_traitsIcESaIcEE6resizeEm
FNDA:0,_ZNKSt7__cxx1112basic_stringIcSt11char_traitsIcESaIcEE8capacityEv
FNDA:0,_ZNSt7__cxx1112basic_stringIcSt11char_traitsIcESaIcEE5clearEv
FNDA:0,_ZNKSt7__cxx1112basic_stringIcSt11char_traitsIcESaIcEE5emptyEv
FNDA:0,_ZNSt7__cxx1112basic_stringIcSt11char_traitsIcESaIcEEixEm
FNDA:0,_ZNSt7__cxx1112basic_stringIcSt11char_traitsIcESaIcEE4backEv
FNDA:0,_ZNSt7__cxx1112basic_stringIcSt11char_traitsIcESaIcEEpLERKS4_
FNDA:0,_ZNSt7__cxx1112basic_stringIcSt11char_traitsIcESaIcEEpLEPKc
FNDA:0,_ZNSt7__cxx1112basic_stringIcSt11char_traitsIcESaIcEEpLEc
FNDA:0,_ZNSt7__cxx1112basic_stringIcSt11char_traitsIcESaIcEE6appendERKS4_
FNDA:0,_ZNSt7__cxx1112basic_stringIcSt11char_traitsIcESaIcEE6appendEPKcm
FNDA:0,_ZNSt7__cxx1112basic_stringIcSt11char_traitsIcESaIcEE6appendEPKc
FNDA:0,_ZNSt7__cxx1112basic_stringIcSt11char_traitsIcESaIcEE6appendEmc
FNDA:0,_ZNSt7__cxx1112basic_stringIcSt11char_traitsIcESaIcEE9push_backEc
FNDA:0,_ZNSt7__cxx1112basic_stringIcSt11char_traitsIcESaIcEE6assignERKS4_
FNDA:0,_ZNSt7__cxx1112basic_stringIcSt11char_traitsIcESaIcEE6assignEPKc
FNDA:0,_ZNSt7__cxx1112basic_stringIcSt11char_traitsIcESaIcEE6assignIN9__gnu_cxx17__normal_iteratorIPKcS4_EEvEERS4_T_SC_
FNDA:0,_ZNSt7__cxx1112basic_stringIcSt11char_traitsIcESaIcEE6insertEmPKc
FNDA:0,_ZNSt7__cxx1112basic_stringIcSt11char_traitsIcESaIcEE5eraseEN9__gnu_cxx17__normal_iteratorIPKcS4_EES9_
FNDA:0,_ZNSt7__cxx1112basic_stringIcSt11char_traitsIcESaIcEE8pop_backEv
FNDA:0,_ZNSt7__cxx1112basic_stringIcSt11char_traitsIcESaIcEE7replaceEmmPKcm
FNDA:0,_ZNSt7__cxx1112basic_stringIcSt11char_traitsIcESaIcEE7replaceEN9__gnu_cxx17__normal_iteratorIPKcS4_EES9_S9_S9_
FNDA:0,_ZNKSt7__cxx1112basic_stringIcSt11char_traitsIcESaIcEE5c_strEv
FNDA:0,_ZNKSt7__cxx1112basic_stringIcSt11char_traitsIcESaIcEE4dataEv
FNDA:0,_ZNSt7__cxx1112basic_stringIcSt11char_traitsIcESaIcEE4dataEv
FNDA:0,_ZNKSt7__cxx1112basic_stringIcSt11char_traitsIcESaIcEE7compareERKS4_
FNDA:0,_ZStplIcSt11char_traitsIcESaIcEENSt7__cxx1112basic_stringIT_T0_T1_EEPKS5_OS8_
FNDA:0,_ZStplIcSt11char_traitsIcESaIcEENSt7__cxx1112basic_stringIT_T0_T1_EEOS8_PKS5_
FNDA:0,_ZSteqIcSt11char_traitsIcESaIcEEbRKNSt7__cxx1112basic_stringIT_T0_T1_EEPKS5_
FNDA:0,_ZStltIcSt11char_traitsIcESaIcEEbRKNSt7__cxx1112basic_stringIT_T0_T1_EESA_
FNF:76
FNH:0
DA:145,0
DA:146,0
DA:148,0
DA:149,0
DA:167,0
DA:168,0
DA:171,0
DA:172,0
DA:175,0
DA:176,0
DA:179,0
DA:182,0
DA:189,0
DA:192,0
DA:199,0
DA:200,0
DA:203,0
DA:205,0
DA:206,0
DA:207,0
DA:210,0
DA:211,0
DA:218,0
DA:220,0
DA:221,0
DA:222,0
DA:225,0
DA:226,0
DA:232,0
DA:236,0
DA:237,0
DA:238,0
DA:242,0
DA:243,0
DA:244,0
DA:248,0
DA:249,0
DA:264,0
DA:267,0
DA:268,0
DA:269,0
DA:272,0
DA:273,0
DA:274,0
DA:277,0
DA:278,0
DA:297,0
DA:298,0
DA:301,0
DA:302,0
DA:321,0
DA:323,0
DA:324,0
DA:327,0
DA:331,0
DA:333,0
DA:334,0
DA:335,0
DA:340,0
DA:342,0
DA:343,0
DA:348,0
DA:350,0
DA:351,0
DA:357,0
DA:359,0
DA:360,0
DA:362,0
DA:363,0
DA:366,0
DA:368,0
DA:369,0
DA:371,0
DA:372,0
DA:375,0
DA:377,0
DA:378,0
DA:380,0
DA:381,0
DA:403,0
DA:404,0
DA:407,0
DA:409,0
DA:412,0
DA:414,0
DA:416,0
DA:417,0
DA:418,0
DA:419,0
DA:421,0
DA:442,0
DA:444,0
DA:445,0
DA:459,0
DA:461,0
DA:462,0
DA:521,0
DA:523,0
DA:524,0
DA:536,0
DA:537,0
DA:538,0
DA:551,0
DA:552,0
DA:553,0
DA:563,0
DA:564,0
DA:566,0
DA:568,0
DA:573,0
DA:574,0
DA:580,0
DA:581,0
DA:582,0
DA:583,0
DA:636,0
DA:638,0
DA:639,0
DA:678,0
DA:679,0
DA:686,0
DA:689,0
DA:691,0
DA:692,0
DA:696,0
DA:698,0
DA:699,0
DA:700,0
DA:704,0
DA:705,0
DA:707,0
DA:708,0
DA:709,0
DA:710,0
DA:711,0
DA:714,0
DA:717,0
DA:725,0
DA:726,0
DA:754,0
DA:757,0
DA:758,0
DA:759,0
DA:762,0
DA:763,0
DA:764,0
DA:767,0
DA:769,0
DA:772,0
DA:773,0
DA:774,0
DA:776,0
DA:777,0
DA:778,0
DA:781,0
DA:783,0
DA:785,0
DA:788,0
DA:789,0
DA:792,0
DA:795,0
DA:796,0
DA:797,0
DA:798,0
DA:800,0
DA:801,0
DA:804,0
DA:807,0
DA:808,0
DA:809,0
DA:848,0
DA:849,0
DA:856,0
DA:857,0
DA:864,0
DA:865,0
DA:872,0
DA:873,0
DA:952,0
DA:953,0
DA:958,0
DA:959,0
DA:963,0
DA:964,0
DA:990,0
DA:991,0
DA:1015,0
DA:1017,0
DA:1018,0
DA:1045,0
DA:1046,0
DA:1053,0
DA:1054,0
DA:1085,0
DA:1092,0
DA:1165,0
DA:1168,0
DA:1190,0
DA:1191,0
DA:1199,0
DA:1200,0
DA:1208,0
DA:1210,0
DA:1211,0
DA:1243,0
DA:1244,0
DA:1272,0
DA:1275,0
DA:1276,0
DA:1285,0
DA:1288,0
DA:1289,0
DA:1290,0
DA:1302,0
DA:1303,0
DA:1371,0
DA:1373,0
DA:1374,0
DA:1375,0
DA:1376,0
DA:1377,0
DA:1378,0
DA:1386,0
DA:1388,0
DA:1389,0
DA:1457,0
DA:1461,0
DA:1492,0
DA:1493,0
DA:1718,0
DA:1722,0
DA:1858,0
DA:1862,0
DA:1863,0
DA:1864,0
DA:1866,0
DA:1867,0
DA:1877,0
DA:1880,0
DA:1881,0
DA:1949,0
DA:1954,0
DA:2169,0
DA:2175,0
DA:2176,0
DA:2312,0
DA:2313,0
DA:2324,0
DA:2325,0
DA:2335,0
DA:2336,0
DA:2865,0
DA:2867,0
DA:2868,0
DA:2869,0
DA:2871,0
DA:2872,0
DA:2873,0
DA:2874,0
DA:6038,0
DA:6040,0
DA:6050,0
DA:6052,0
DA:6104,0
DA:6106,0
DA:6155,0
DA:6158,0
LF:267
LH:0
end_of_record
SF:/usr/include/c++/8/bits/basic_string.tcc
FN:132,_ZNSt7__cxx1112basic_stringIcSt11char_traitsIcESaIcEE9_M_createERmm
FN:206,_ZNSt7__cxx1112basic_stringIcSt11char_traitsIcESaIcEE12_M_constructIPKcEEvT_S8_St20forward_iterator_tag
FN:206,_ZNSt7__cxx1112basic_stringIcSt11char_traitsIcESaIcEE12_M_constructIPcEEvT_S7_St20forward_iterator_tag
FN:237,_ZNSt7__cxx1112basic_stringIcSt11char_traitsIcESaIcEE12_M_constructEmc
FN:254,_ZNSt7__cxx1112basic_stringIcSt11char_traitsIcESaIcEE9_M_assignERKS4_
FN:280,_ZNSt7__cxx1112basic_stringIcSt11char_traitsIcESaIcEE7reserveEm
FN:310,_ZNSt7__cxx1112basic_stringIcSt11char_traitsIcESaIcEE9_M_mutateEmmPKcm
FN:334,_ZNSt7__cxx1112basic_stringIcSt11char_traitsIcESaIcEE8_M_eraseEmm
FN:347,_ZNSt7__cxx1112basic_stringIcSt11char_traitsIcESaIcEE6resizeEmc
FN:359,_ZNSt7__cxx1112basic_stringIcSt11char_traitsIcESaIcEE9_M_appendEPKcm
FN:392,_ZNSt7__cxx1112basic_stringIcSt11char_traitsIcESaIcEE14_M_replace_auxEmmmc
FN:421,_ZNSt7__cxx1112basic_stringIcSt11char_traitsIcESaIcEE10_M_replaceEmmPKcm
FN:1157,_ZStplIcSt11char_traitsIcESaIcEENSt7__cxx1112basic_stringIT_T0_T1_EEPKS5_RKS8_
FN:1223,_ZNKSt7__cxx1112basic_stringIcSt11char_traitsIcESaIcEE4findEcm
FN:1417,_ZNKSt7__cxx1112basic_stringIcSt11char_traitsIcESaIcEE7compareEPKc
FNDA:0,_ZNSt7__cxx1112basic_stringIcSt11char_traitsIcESaIcEE9_M_createERmm
FNDA:0,_ZNSt7__cxx1112basic_stringIcSt11char_traitsIcESaIcEE12_M_constructIPcEEvT_S7_St20forward_iterator_tag
FNDA:0,_ZNSt7__cxx1112basic_stringIcSt11char_traitsIcESaIcEE12_M_constructIPKcEEvT_S8_St20forward_iterator_tag
FNDA:0,_ZNSt7__cxx1112basic_stringIcSt11char_traitsIcESaIcEE12_M_constructEmc
FNDA:0,_ZNSt7__cxx1112basic_stringIcSt11char_traitsIcESaIcEE9_M_assignERKS4_
FNDA:0,_ZNSt7__cxx1112basic_stringIcSt11char_traitsIcESaIcEE7reserveEm
FNDA:0,_ZNSt7__cxx1112basic_stringIcSt11char_traitsIcESaIcEE9_M_mutateEmmPKcm
FNDA:0,_ZNSt7__cxx1112basic_stringIcSt11char_traitsIcESaIcEE8_M_eraseEmm
FNDA:0,_ZNSt7__cxx1112basic_stringIcSt11char_traitsIcESaIcEE6resizeEmc
FNDA:0,_ZNSt7__cxx1112basic_stringIcSt11char_traitsIcESaIcEE9_M_appendEPKcm
FNDA:0,_ZNSt7__cxx1112basic_stringIcSt11char_traitsIcESaIcEE14_M_replace_auxEmmmc
FNDA:0,_ZNSt7__cxx1112basic_stringIcSt11char_traitsIcESaIcEE10_M_replaceEmmPKcm
FNDA:0,_ZStplIcSt11char_traitsIcESaIcEENSt7__cxx1112basic_stringIT_T0_T1_EEPKS5_RKS8_
FNDA:0,_ZNKSt7__cxx1112basic_stringIcSt11char_traitsIcESaIcEE4findEcm
FNDA:0,_ZNKSt7__cxx1112basic_stringIcSt11char_traitsIcESaIcEE7compareEPKc
FNF:15
FNH:0
DA:132,0
DA:137,0
DA:138,0
DA:143,0
DA:145,0
DA:147,0
DA:148,0
DA:153,0
DA:206,0
DA:211,0
DA:212,0
DA:215,0
DA:217,0
DA:219,0
DA:220,0
DA:225,0
DA:232,0
DA:233,0
DA:234,0
DA:239,0
DA:240,0
DA:243,0
DA:245,0
DA:247,0
DA:248,0
DA:253,0
DA:260,0
DA:261,0
DA:262,0
DA:267,0
DA:268,0
DA:271,0
DA:273,0
DA:275,0
DA:276,0
DA:281,0
DA:288,0
DA:289,0
DA:293,0
DA:296,0
DA:298,0
DA:299,0
DA:302,0
DA:303,0
DA:305,0
DA:306,0
DA:310,0
DA:313,0
DA:315,0
DA:316,0
DA:318,0
DA:320,0
DA:321,0
DA:322,0
DA:323,0
DA:324,0
DA:327,0
DA:328,0
DA:330,0
DA:332,0
DA:336,0
DA:340,0
DA:341,0
DA:343,0
DA:344,0
DA:346,0
DA:347,0
DA:349,0
DA:350,0
DA:351,0
DA:352,0
DA:353,0
DA:355,0
DA:357,0
DA:358,0
DA:359,0
DA:362,0
DA:366,0
DA:370,0
DA:372,0
DA:373,0
DA:375,0
DA:376,0
DA:377,0
DA:378,0
DA:379,0
DA:380,0
DA:381,0
DA:383,0
DA:384,0
DA:385,0
DA:386,0
DA:390,0
DA:393,0
DA:395,0
DA:396,0
DA:398,0
DA:399,0
DA:403,0
DA:406,0
DA:407,0
DA:408,0
DA:409,0
DA:410,0
DA:411,0
DA:415,0
DA:418,0
DA:420,0
DA:422,0
DA:423,0
DA:426,0
DA:428,0
DA:429,0
DA:448,0
DA:452,0
DA:454,0
DA:455,0
DA:457,0
DA:459,0
DA:461,0
DA:462,0
DA:463,0
DA:466,0
DA:468,0
DA:469,0
DA:471,0
DA:472,0
DA:477,0
DA:481,0
DA:483,0
DA:484,0
DA:486,0
DA:488,0
DA:490,0
DA:491,0
DA:493,0
DA:494,0
DA:495,0
DA:496,0
DA:501,0
DA:502,0
DA:503,0
DA:504,0
DA:505,0
DA:507,0
DA:508,0
DA:509,0
DA:510,0
DA:513,0
DA:514,0
DA:515,0
DA:522,0
DA:524,0
DA:525,0
DA:1213,0
DA:1219,0
DA:1220,0
DA:1221,0
DA:1222,0
DA:1223,0
DA:1224,0
DA:1279,0
DA:1282,0
DA:1283,0
DA:1284,0
DA:1286,0
DA:1287,0
DA:1288,0
DA:1289,0
DA:1290,0
DA:1292,0
DA:1473,0
DA:1477,0
DA:1478,0
DA:1479,0
DA:1480,0
DA:1481,0
DA:1482,0
DA:1483,0
LF:179
LH:0
end_of_record
SF:/usr/include/c++/8/bits/char_traits.h
FN:100,_ZN9__gnu_cxx11char_traitsIcE2eqERKcS3_
FN:104,_ZN9__gnu_cxx11char_traitsIcE2ltERKcS3_
FN:148,_ZN9__gnu_cxx11char_traitsIcE7compareEPKcS3_m
FN:161,_ZN9__gnu_cxx11char_traitsIcE6lengthEPKc
FN:172,_ZN9__gnu_cxx11char_traitsIcE4findEPKcmRS2_
FN:286,_ZNSt11char_traitsIcE6assignERcRKc
FN:302,_ZNSt11char_traitsIcE7compareEPKcS2_m
FN:316,_ZNSt11char_traitsIcE6lengthEPKc
FN:326,_ZNSt11char_traitsIcE4findEPKcmRS1_
FN:340,_ZNSt11char_traitsIcE4moveEPcPKcm
FN:348,_ZNSt11char_traitsIcE4copyEPcPKcm
FN:356,_ZNSt11char_traitsIcE6assignEPcmc
FNDA:0,_ZN9__gnu_cxx11char_traitsIcE2eqERKcS3_
FNDA:0,_ZN9__gnu_cxx11char_traitsIcE2ltERKcS3_
FNDA:0,_ZN9__gnu_cxx11char_traitsIcE7compareEPKcS3_m
FNDA:0,_ZN9__gnu_cxx11char_traitsIcE6lengthEPKc
FNDA:0,_ZN9__gnu_cxx11char_traitsIcE4findEPKcmRS2_
FNDA:0,_ZNSt11char_traitsIcE6assignERcRKc
FNDA:0,_ZNSt11char_traitsIcE7compareEPKcS2_m
FNDA:0,_ZNSt11char_traitsIcE6lengthEPKc
FNDA:0,_ZNSt11char_traitsIcE4findEPKcmRS1_
FNDA:0,_ZNSt11char_traitsIcE4moveEPcPKcm
FNDA:0,_ZNSt11char_traitsIcE4copyEPcPKcm
FNDA:0,_ZNSt11char_traitsIcE6assignEPcmc
FNF:12
FNH:0
DA:100,0
DA:101,0
DA:104,0
DA:105,0
DA:148,0
DA:151,0
DA:152,0
DA:153,0
DA:154,0
DA:155,0
DA:156,0
DA:161,0
DA:164,0
DA:165,0
DA:166,0
DA:167,0
DA:172,0
DA:175,0
DA:176,0
DA:177,0
DA:178,0
DA:235,0
DA:286,0
DA:287,0
DA:302,0
DA:305,0
DA:307,0
DA:308,0
DA:310,0
DA:311,0
DA:312,0
DA:316,0
DA:319,0
DA:320,0
DA:322,0
DA:326,0
DA:329,0
DA:331,0
DA:332,0
DA:334,0
DA:335,0
DA:336,0
DA:340,0
DA:342,0
DA:343,0
DA:344,0
DA:348,0
DA:350,0
DA:351,0
DA:352,0
DA:356,0
DA:358,0
DA:359,0
DA:360,0
LF:54
LH:0
end_of_record
SF:/usr/include/c++/8/bits/cpp_type_traits.h
FN:419,_ZSt12__miter_baseIPPN4Json6Reader9ErrorInfoEET_S5_
FN:419,_ZSt12__miter_baseIPPKN4Json12PathArgumentEET_S5_
FN:419,_ZSt12__miter_baseIPPN4Json9OurReader9ErrorInfoEET_S5_
FN:419,_ZSt12__miter_baseIPPPN4Json5ValueEET_S5_
FNDA:0,_ZSt12__miter_baseIPPKN4Json12PathArgumentEET_S5_
FNDA:0,_ZSt12__miter_baseIPPPN4Json5ValueEET_S5_
FNDA:0,_ZSt12__miter_baseIPPN4Json9OurReader9ErrorInfoEET_S5_
FNDA:0,_ZSt12__miter_baseIPPN4Json6Reader9ErrorInfoEET_S5_
FNF:4
FNH:0
DA:419,0
DA:420,0
DA:421,0
DA:422,0
DA:423,0
DA:424,0
DA:425,0
DA:426,0
DA:427,0
DA:428,0
LF:10
LH:0
end_of_record
SF:/usr/include/c++/8/bits/deque.tcc
FN:162,_ZNSt5dequeIPN4Json5ValueESaIS2_EE12emplace_backIJS2_EEERS2_DpOT_
FN:348,_ZNSt5dequeIN4Json9OurReader9ErrorInfoESaIS2_EE17_M_default_appendEm
FN:348,_ZNSt5dequeIN4Json6Reader9ErrorInfoESaIS2_EE17_M_default_appendEm
FN:479,_ZNSt5dequeIN4Json9OurReader9ErrorInfoESaIS2_EE16_M_push_back_auxIJRKS2_EEEvDpOT_
FN:479,_ZNSt5dequeIPN4Json5ValueESaIS2_EE16_M_push_back_auxIJS2_EEEvDpOT_
FN:479,_ZNSt5dequeIN4Json6Reader9ErrorInfoESaIS2_EE16_M_push_back_auxIJRKS2_EEEvDpOT_
FN:547,_ZNSt5dequeIPN4Json5ValueESaIS2_EE15_M_pop_back_auxEv
FN:846,_ZNSt5dequeIN4Json6Reader9ErrorInfoESaIS2_EE19_M_destroy_data_auxESt15_Deque_iteratorIS2_RS2_PS2_ES8_
FN:846,_ZNSt5dequeIN4Json9OurReader9ErrorInfoESaIS2_EE19_M_destroy_data_auxESt15_Deque_iteratorIS2_RS2_PS2_ES8_
FN:893,_ZNSt5dequeIN4Json6Reader9ErrorInfoESaIS2_EE23_M_new_elements_at_backEm
FN:893,_ZNSt5dequeIN4Json9OurReader9ErrorInfoESaIS2_EE23_M_new_elements_at_backEm
FN:918,_ZNSt5dequeIN4Json9OurReader9ErrorInfoESaIS2_EE17_M_reallocate_mapEmb
FN:918,_ZNSt5dequeIPN4Json5ValueESaIS2_EE17_M_reallocate_mapEmb
FN:918,_ZNSt5dequeIN4Json6Reader9ErrorInfoESaIS2_EE17_M_reallocate_mapEmb
FNDA:1808,_ZNSt5dequeIPN4Json5ValueESaIS2_EE12emplace_backIJS2_EEERS2_DpOT_
FNDA:0,_ZNSt5dequeIN4Json9OurReader9ErrorInfoESaIS2_EE17_M_default_appendEm
FNDA:0,_ZNSt5dequeIN4Json6Reader9ErrorInfoESaIS2_EE17_M_default_appendEm
FNDA:0,_ZNSt5dequeIPN4Json5ValueESaIS2_EE16_M_push_back_auxIJS2_EEEvDpOT_
FNDA:0,_ZNSt5dequeIN4Json9OurReader9ErrorInfoESaIS2_EE16_M_push_back_auxIJRKS2_EEEvDpOT_
FNDA:0,_ZNSt5dequeIN4Json6Reader9ErrorInfoESaIS2_EE16_M_push_back_auxIJRKS2_EEEvDpOT_
FNDA:0,_ZNSt5dequeIPN4Json5ValueESaIS2_EE15_M_pop_back_auxEv
FNDA:4,_ZNSt5dequeIN4Json9OurReader9ErrorInfoESaIS2_EE19_M_destroy_data_auxESt15_Deque_iteratorIS2_RS2_PS2_ES8_
FNDA:0,_ZNSt5dequeIN4Json6Reader9ErrorInfoESaIS2_EE19_M_destroy_data_auxESt15_Deque_iteratorIS2_RS2_PS2_ES8_
FNDA:0,_ZNSt5dequeIN4Json9OurReader9ErrorInfoESaIS2_EE23_M_new_elements_at_backEm
FNDA:0,_ZNSt5dequeIN4Json6Reader9ErrorInfoESaIS2_EE23_M_new_elements_at_backEm
FNDA:0,_ZNSt5dequeIPN4Json5ValueESaIS2_EE17_M_reallocate_mapEmb
FNDA:0,_ZNSt5dequeIN4Json9OurReader9ErrorInfoESaIS2_EE17_M_reallocate_mapEmb
FNDA:0,_ZNSt5dequeIN4Json6Reader9ErrorInfoESaIS2_EE17_M_reallocate_mapEmb
FNF:14
FNH:2
DA:162,1808
DA:165,3616
DA:166,1808
DA:168,1808
DA:171,1808
DA:174,0
DA:176,1808
DA:348,0
DA:351,0
DA:353,0
DA:356,0
DA:358,0
DA:359,0
DA:361,0
DA:363,0
DA:364,0
DA:365,0
DA:368,0
DA:369,0
DA:372,0
DA:374,0
DA:377,0
DA:379,0
DA:380,0
DA:382,0
DA:384,0
DA:385,0
DA:386,0
DA:389,0
DA:390,0
DA:393,0
DA:395,0
DA:398,0
DA:400,0
DA:401,0
DA:403,0
DA:405,0
DA:406,0
DA:407,0
DA:410,0
DA:521,0
DA:529,0
DA:530,0
DA:534,0
DA:540,0
DA:542,0
DA:544,0
DA:546,0
DA:547,0
DA:549,0
DA:550,0
DA:558,0
DA:559,0
DA:563,0
DA:569,0
DA:571,0
DA:573,0
DA:575,0
DA:576,0
DA:578,0
DA:579,0
DA:587,0
DA:588,0
DA:592,0
DA:598,0
DA:600,0
DA:602,0
DA:604,0
DA:605,0
DA:607,0
DA:608,0
DA:616,0
DA:617,0
DA:621,0
DA:627,0
DA:629,0
DA:631,0
DA:633,0
DA:634,0
DA:636,0
DA:676,0
DA:679,0
DA:680,0
DA:681,0
DA:682,0
DA:684,0
DA:975,4
DA:978,4
DA:979,4
DA:980,0
DA:981,0
DA:983,4
DA:985,0
DA:986,0
DA:987,0
DA:988,0
DA:991,4
DA:992,4
DA:993,4
DA:994,4
DA:997,4
DA:998,4
DA:999,0
DA:1000,0
DA:1002,4
DA:1004,0
DA:1005,0
DA:1006,0
DA:1007,0
DA:1010,4
DA:1011,4
DA:1012,4
DA:1013,0
DA:1016,0
DA:1017,0
DA:1018,0
DA:1019,0
DA:1021,0
DA:1023,0
DA:1024,0
DA:1025,0
DA:1026,0
DA:1029,0
DA:1030,0
DA:1031,0
DA:1060,0
DA:1063,0
DA:1064,0
DA:1066,0
DA:1067,0
DA:1068,0
DA:1072,0
DA:1073,0
DA:1075,0
DA:1077,0
DA:1078,0
DA:1079,0
DA:1081,0
DA:1082,0
DA:1085,0
DA:1086,0
DA:1088,0
DA:1089,0
DA:1090,0
DA:1094,0
DA:1095,0
DA:1097,0
DA:1099,0
DA:1100,0
DA:1101,0
DA:1103,0
DA:1104,0
DA:1107,0
DA:1108,0
DA:1110,0
DA:1111,0
DA:1112,0
DA:1116,0
DA:1117,0
DA:1119,0
DA:1121,0
DA:1122,0
DA:1123,0
DA:1125,0
DA:1129,0
DA:1132,0
DA:1133,0
DA:1134,0
DA:1137,0
DA:1139,0
DA:1140,0
DA:1141,0
DA:1142,0
DA:1143,0
DA:1144,0
DA:1147,0
DA:1148,0
DA:1149,0
DA:1153,0
DA:1154,0
DA:1157,0
DA:1158,0
DA:1159,0
DA:1160,0
DA:1161,0
DA:1163,0
DA:1165,0
DA:1166,0
DA:1169,0
DA:1170,0
DA:1171,0
DA:1172,0
DA:1175,0
DA:1176,0
DA:1177,0
DA:1180,0
DA:1182,0
DA:1183,0
DA:1184,0
DA:1185,0
DA:1186,0
DA:1187,0
DA:1190,0
DA:1191,0
DA:1192,0
DA:1196,0
DA:1197,0
DA:1200,0
DA:1201,0
DA:1202,0
DA:1203,0
DA:1204,0
DA:1206,0
DA:1208,0
DA:1209,0
DA:1212,0
DA:1213,0
DA:1214,0
DA:1215,0
DA:1218,0
DA:1219,0
DA:1220,0
DA:1223,0
DA:1225,0
DA:1226,0
DA:1227,0
DA:1228,0
DA:1229,0
DA:1230,0
DA:1233,0
DA:1234,0
DA:1235,0
DA:1239,0
DA:1240,0
DA:1243,0
DA:1244,0
DA:1245,0
DA:1246,0
DA:1247,0
DA:1249,0
DA:1251,0
DA:1252,0
DA:1255,0
DA:1256,0
DA:1257,0
DA:1258,0
DA:1261,0
DA:1262,0
DA:1263,0
DA:1266,0
DA:1268,0
DA:1269,0
DA:1270,0
DA:1271,0
DA:1272,0
DA:1273,0
DA:1276,0
DA:1277,0
DA:1278,0
DA:1282,0
DA:1283,0
DA:1286,0
DA:1287,0
DA:1288,0
DA:1289,0
DA:1290,0
DA:1292,0
DA:1294,0
DA:1295,0
DA:1298,0
DA:1299,0
DA:1300,0
LF:272
LH:20
end_of_record
SF:/usr/include/c++/8/bits/exception.h
FN:63,_ZNSt9exceptionC2Ev
FNDA:0,_ZNSt9exceptionC2Ev
FNF:1
FNH:0
DA:63,0
LF:1
LH:0
end_of_record
SF:/usr/include/c++/8/bits/move.h
FN:47,_ZSt11__addressofIN4Json9OurReader15StructuredErrorEEPT_RS3_
FN:47,_ZSt11__addressofIN4Json9OurReader9ErrorInfoEEPT_RS3_
FN:47,_ZSt11__addressofIN4Json12PathArgumentEEPT_RS2_
FN:47,_ZSt11__addressofIcEPT_RS0_
FN:47,_ZSt11__addressofIKcEPT_RS1_
FN:47,_ZSt11__addressofIN4Json6Reader9ErrorInfoEEPT_RS3_
FN:47,_ZSt11__addressofINSt7__cxx1112basic_stringIcSt11char_traitsIcESaIcEEEEPT_RS6_
FN:47,_ZSt11__addressofIN4Json6Reader15StructuredErrorEEPT_RS3_
FN:74,_ZSt7forwardIN4Json9OurReader15StructuredErrorEEOT_RNSt16remove_referenceIS3_E4typeE
FN:74,_ZSt7forwardIRKSt21piecewise_construct_tEOT_RNSt16remove_referenceIS3_E4typeE
FN:74,_ZSt7forwardIPKN4Json12PathArgumentEEOT_RNSt16remove_referenceIS4_E4typeE
FN:74,_ZSt7forwardISt5tupleIJEEEOT_RNSt16remove_referenceIS2_E4typeE
FN:74,_ZSt7forwardIRKN4Json9OurReader9ErrorInfoEEOT_RNSt16remove_referenceIS5_E4typeE
FN:74,_ZSt7forwardIRPSt13_Rb_tree_nodeINSt7__cxx1112basic_stringIcSt11char_traitsIcESaIcEEEEEOT_RNSt16remove_referenceISA_E4typeE
FN:74,_ZSt7forwardIRSt4pairIKN4Json5Value8CZStringES2_EEOT_RNSt16remove_referenceIS7_E4typeE
FN:74,_ZSt7forwardIRKN4Json6Reader9ErrorInfoEEOT_RNSt16remove_referenceIS5_E4typeE
FN:74,_ZSt7forwardISt17_Rb_tree_iteratorISt4pairIKN4Json5Value8CZStringES3_EEEOT_RNSt16remove_referenceIS8_E4typeE
FN:74,_ZSt7forwardIRPSt18_Rb_tree_node_baseEOT_RNSt16remove_referenceIS3_E4typeE
FN:74,_ZSt7forwardIRKN4Json6Reader15StructuredErrorEEOT_RNSt16remove_referenceIS5_E4typeE
FN:74,_ZSt7forwardISt17_Rb_tree_iteratorINSt7__cxx1112basic_stringIcSt11char_traitsIcESaIcEEEEEOT_RNSt16remove_referenceIS8_E4typeE
FN:74,_ZSt7forwardISt14default_deleteISt5arrayINSt7__cxx1112basic_stringIcSt11char_traitsIcESaIcEEELm3EEEEOT_RNSt16remove_referenceISA_E4typeE
FN:74,_ZSt7forwardIRPSt13_Rb_tree_nodeISt4pairIKN4Json5Value8CZStringES3_EEEOT_RNSt16remove_referenceISA_E4typeE
FN:74,_ZSt7forwardISt5tupleIJRKN4Json5Value8CZStringEEEEOT_RNSt16remove_referenceIS7_E4typeE
FN:74,_ZSt7forwardIRbEOT_RNSt16remove_referenceIS1_E4typeE
FN:74,_ZSt7forwardIRKNSt7__cxx1112basic_stringIcSt11char_traitsIcESaIcEEEEOT_RNSt16remove_referenceIS8_E4typeE
FN:74,_ZSt7forwardIPN4Json5ValueEEOT_RNSt16remove_referenceIS3_E4typeE
FN:74,_ZSt7forwardIN4Json12PathArgumentEEOT_RNSt16remove_referenceIS2_E4typeE
FN:74,_ZSt7forwardIbEOT_RNSt16remove_referenceIS0_E4typeE
FN:74,_ZSt7forwardIN4Json6Reader15StructuredErrorEEOT_RNSt16remove_referenceIS3_E4typeE
FN:74,_ZSt7forwardINSt7__cxx1112basic_stringIcSt11char_traitsIcESaIcEEEEOT_RNSt16remove_referenceIS6_E4typeE
FN:74,_ZSt7forwardIRSt17_Rb_tree_iteratorINSt7__cxx1112basic_stringIcSt11char_traitsIcESaIcEEEEEOT_RNSt16remove_referenceIS9_E4typeE
FN:74,_ZSt7forwardIRKSt4pairIKN4Json5Value8CZStringES2_EEOT_RNSt16remove_referenceIS8_E4typeE
FN:74,_ZSt7forwardIRKN4Json5Value8CZStringEEOT_RNSt16remove_referenceIS5_E4typeE
FN:74,_ZSt7forwardIRKN4Json9OurReader15StructuredErrorEEOT_RNSt16remove_referenceIS5_E4typeE
FN:74,_ZSt7forwardIRPSt5arrayINSt7__cxx1112basic_stringIcSt11char_traitsIcESaIcEEELm3EEEOT_RNSt16remove_referenceISA_E4typeE
FN:74,_ZSt7forwardIRKN4Json12PathArgumentEEOT_RNSt16remove_referenceIS4_E4typeE
FN:74,_ZSt7forwardIRN4Json5Value8CZStringEEOT_RNSt16remove_referenceIS4_E4typeE
FN:99,_ZSt4moveIRPNSt7__cxx1112basic_stringIcSt11char_traitsIcESaIcEEEEONSt16remove_referenceIT_E4typeEOS9_
FN:99,_ZSt4moveIRlEONSt16remove_referenceIT_E4typeEOS2_
FN:99,_ZSt4moveIRPN4Json5ValueEEONSt16remove_referenceIT_E4typeEOS5_
FN:99,_ZSt4moveIRN4Json5Value11ValueHolderEEONSt16remove_referenceIT_E4typeEOS5_
FN:99,_ZSt4moveIRN4Json5Value8CommentsEEONSt16remove_referenceIT_E4typeEOS5_
FN:99,_ZSt4moveIRSt10unique_ptrISt5arrayINSt7__cxx1112basic_stringIcSt11char_traitsIcESaIcEEELm3EESt14default_deleteIS8_EEEONSt16remove_referenceIT_E4typeEOSE_
FN:99,_ZSt4moveIRPKcEONSt16remove_referenceIT_E4typeEOS4_
FN:99,_ZSt4moveIRN4Json5ValueEEONSt16remove_referenceIT_E4typeEOS4_
FN:99,_ZSt4moveIRN4Json12PathArgumentEEONSt16remove_referenceIT_E4typeEOS4_
FN:99,_ZSt4moveIRNSt7__cxx1112basic_stringIcSt11char_traitsIcESaIcEEEEONSt16remove_referenceIT_E4typeEOS8_
FN:99,_ZSt4moveIRSt6vectorINSt7__cxx1112basic_stringIcSt11char_traitsIcESaIcEEESaIS6_EEEONSt16remove_referenceIT_E4typeEOSB_
FN:99,_ZSt4moveIRPSt5arrayINSt7__cxx1112basic_stringIcSt11char_traitsIcESaIcEEELm3EEEONSt16remove_referenceIT_E4typeEOSB_
FN:99,_ZSt4moveIRjEONSt16remove_referenceIT_E4typeEOS2_
FN:99,_ZSt4moveIRN4Json5ValueUt_EEONSt16remove_referenceIT_E4typeEOS5_
FN:99,_ZSt4moveIRSaINSt7__cxx1112basic_stringIcSt11char_traitsIcESaIcEEEEEONSt16remove_referenceIT_E4typeEOS9_
FN:99,_ZSt4moveIRPKN4Json12PathArgumentEEONSt16remove_referenceIT_E4typeEOS6_
FN:99,_ZSt4moveIRSaIcEEONSt16remove_referenceIT_E4typeEOS3_
FN:138,_ZSt9addressofIKcEPT_RS1_
FN:138,_ZSt9addressofIcEPT_RS0_
FN:182,_ZSt4swapIlENSt9enable_ifIXsrSt6__and_IJSt6__not_ISt15__is_tuple_likeIT_EESt21is_move_constructibleIS4_ESt18is_move_assignableIS4_EEE5valueEvE4typeERS4_SE_
FN:182,_ZSt4swapIN4Json5Value11ValueHolderEENSt9enable_ifIXsrSt6__and_IJSt6__not_ISt15__is_tuple_likeIT_EESt21is_move_constructibleIS7_ESt18is_move_assignableIS7_EEE5valueEvE4typeERS7_SH_
FN:182,_ZSt4swapIN4Json5Value8CommentsEENSt9enable_ifIXsrSt6__and_IJSt6__not_ISt15__is_tuple_likeIT_EESt21is_move_constructibleIS7_ESt18is_move_assignableIS7_EEE5valueEvE4typeERS7_SH_
FN:182,_ZSt4swapIPSt5arrayINSt7__cxx1112basic_stringIcSt11char_traitsIcESaIcEEELm3EEENSt9enable_ifIXsrSt6__and_IJSt6__not_ISt15__is_tuple_likeIT_EESt21is_move_constructibleISD_ESt18is_move_assignableISD_EEE5valueEvE4typeERSD_SN_
FN:182,_ZSt4swapIjENSt9enable_ifIXsrSt6__and_IJSt6__not_ISt15__is_tuple_likeIT_EESt21is_move_constructibleIS4_ESt18is_move_assignableIS4_EEE5valueEvE4typeERS4_SE_
FN:182,_ZSt4swapIPNSt7__cxx1112basic_stringIcSt11char_traitsIcESaIcEEEENSt9enable_ifIXsrSt6__and_IJSt6__not_ISt15__is_tuple_likeIT_EESt21is_move_constructibleISB_ESt18is_move_assignableISB_EEE5valueEvE4typeERSB_SL_
FN:182,_ZSt4swapIN4Json5ValueUt_EENSt9enable_ifIXsrSt6__and_IJSt6__not_ISt15__is_tuple_likeIT_EESt21is_move_constructibleIS7_ESt18is_move_assignableIS7_EEE5valueEvE4typeERS7_SH_
FN:182,_ZSt4swapIPKcENSt9enable_ifIXsrSt6__and_IJSt6__not_ISt15__is_tuple_likeIT_EESt21is_move_constructibleIS6_ESt18is_move_assignableIS6_EEE5valueEvE4typeERS6_SG_
FNDA:0,_ZSt11__addressofIN4Json9OurReader9ErrorInfoEEPT_RS3_
FNDA:0,_ZSt11__addressofIN4Json6Reader9ErrorInfoEEPT_RS3_
FNDA:0,_ZSt11__addressofIKcEPT_RS1_
FNDA:0,_ZSt11__addressofIcEPT_RS0_
FNDA:0,_ZSt11__addressofIN4Json12PathArgumentEEPT_RS2_
FNDA:0,_ZSt11__addressofINSt7__cxx1112basic_stringIcSt11char_traitsIcESaIcEEEEPT_RS6_
FNDA:0,_ZSt11__addressofIN4Json9OurReader15StructuredErrorEEPT_RS3_
FNDA:0,_ZSt11__addressofIN4Json6Reader15StructuredErrorEEPT_RS3_
FNDA:0,_ZSt7forwardIRKN4Json12PathArgumentEEOT_RNSt16remove_referenceIS4_E4typeE
FNDA:1826,_ZSt7forwardIRN4Json5Value8CZStringEEOT_RNSt16remove_referenceIS4_E4typeE
FNDA:10956,_ZSt7forwardIRSt4pairIKN4Json5Value8CZStringES2_EEOT_RNSt16remove_referenceIS7_E4typeE
FNDA:0,_ZSt7forwardIRKN4Json6Reader9ErrorInfoEEOT_RNSt16remove_referenceIS5_E4typeE
FNDA:0,_ZSt7forwardIRKN4Json6Reader15StructuredErrorEEOT_RNSt16remove_referenceIS5_E4typeE
FNDA:0,_ZSt7forwardIRKN4Json9OurReader9ErrorInfoEEOT_RNSt16remove_referenceIS5_E4typeE
FNDA:0,_ZSt7forwardIRKN4Json9OurReader15StructuredErrorEEOT_RNSt16remove_referenceIS5_E4typeE
FNDA:0,_ZSt7forwardINSt7__cxx1112basic_stringIcSt11char_traitsIcESaIcEEEEOT_RNSt16remove_referenceIS6_E4typeE
FNDA:0,_ZSt7forwardIRSt17_Rb_tree_iteratorINSt7__cxx1112basic_stringIcSt11char_traitsIcESaIcEEEEEOT_RNSt16remove_referenceIS9_E4typeE
FNDA:0,_ZSt7forwardIRKSt21piecewise_construct_tEOT_RNSt16remove_referenceIS3_E4typeE
FNDA:0,_ZSt7forwardISt5tupleIJRKN4Json5Value8CZStringEEEEOT_RNSt16remove_referenceIS7_E4typeE
FNDA:0,_ZSt7forwardISt5tupleIJEEEOT_RNSt16remove_referenceIS2_E4typeE
FNDA:9024,_ZSt7forwardISt14default_deleteISt5arrayINSt7__cxx1112basic_stringIcSt11char_traitsIcESaIcEEELm3EEEEOT_RNSt16remove_referenceISA_E4typeE
FNDA:0,_ZSt7forwardIPKN4Json12PathArgumentEEOT_RNSt16remove_referenceIS4_E4typeE
FNDA:0,_ZSt7forwardIN4Json12PathArgumentEEOT_RNSt16remove_referenceIS2_E4typeE
FNDA:0,_ZSt7forwardIRKN4Json5Value8CZStringEEOT_RNSt16remove_referenceIS5_E4typeE
FNDA:0,_ZSt7forwardIRKNSt7__cxx1112basic_stringIcSt11char_traitsIcESaIcEEEEOT_RNSt16remove_referenceIS8_E4typeE
FNDA:5424,_ZSt7forwardIPN4Json5ValueEEOT_RNSt16remove_referenceIS3_E4typeE
FNDA:0,_ZSt7forwardISt17_Rb_tree_iteratorINSt7__cxx1112basic_stringIcSt11char_traitsIcESaIcEEEEEOT_RNSt16remove_referenceIS8_E4typeE
FNDA:0,_ZSt7forwardIRbEOT_RNSt16remove_referenceIS1_E4typeE
FNDA:123,_ZSt7forwardIRPSt5arrayINSt7__cxx1112basic_stringIcSt11char_traitsIcESaIcEEELm3EEEOT_RNSt16remove_referenceISA_E4typeE
FNDA:0,_ZSt7forwardIbEOT_RNSt16remove_referenceIS0_E4typeE
FNDA:0,_ZSt7forwardISt17_Rb_tree_iteratorISt4pairIKN4Json5Value8CZStringES3_EEEOT_RNSt16remove_referenceIS8_E4typeE
FNDA:0,_ZSt7forwardIRPSt13_Rb_tree_nodeINSt7__cxx1112basic_stringIcSt11char_traitsIcESaIcEEEEEOT_RNSt16remove_referenceISA_E4typeE
FNDA:1993,_ZSt7forwardIRPSt18_Rb_tree_node_baseEOT_RNSt16remove_referenceIS3_E4typeE
FNDA:350,_ZSt7forwardIRPSt13_Rb_tree_nodeISt4pairIKN4Json5Value8CZStringES3_EEEOT_RNSt16remove_referenceISA_E4typeE
FNDA:14860,_ZSt7forwardIRKSt4pairIKN4Json5Value8CZStringES2_EEOT_RNSt16remove_referenceIS8_E4typeE
FNDA:0,_ZSt7forwardIN4Json6Reader15StructuredErrorEEOT_RNSt16remove_referenceIS3_E4typeE
FNDA:0,_ZSt7forwardIN4Json9OurReader15StructuredErrorEEOT_RNSt16remove_referenceIS3_E4typeE
FNDA:123,_ZSt4moveIRN4Json5Value8CommentsEEONSt16remove_referenceIT_E4typeEOS5_
FNDA:0,_ZSt4moveIRNSt7__cxx1112basic_stringIcSt11char_traitsIcESaIcEEEEONSt16remove_referenceIT_E4typeEOS8_
FNDA:0,_ZSt4moveIRN4Json5ValueEEONSt16remove_referenceIT_E4typeEOS4_
FNDA:1977,_ZSt4moveIRSt10unique_ptrISt5arrayINSt7__cxx1112basic_stringIcSt11char_traitsIcESaIcEEELm3EESt14default_deleteIS8_EEEONSt16remove_referenceIT_E4typeEOSE_
FNDA:3616,_ZSt4moveIRPN4Json5ValueEEONSt16remove_referenceIT_E4typeEOS5_
FNDA:0,_ZSt4moveIRPKcEONSt16remove_referenceIT_E4typeEOS4_
FNDA:0,_ZSt4moveIRjEONSt16remove_referenceIT_E4typeEOS2_
FNDA:5547,_ZSt4moveIRN4Json5ValueUt_EEONSt16remove_referenceIT_E4typeEOS5_
FNDA:5547,_ZSt4moveIRN4Json5Value11ValueHolderEEONSt16remove_referenceIT_E4typeEOS5_
FNDA:0,_ZSt4moveIRPNSt7__cxx1112basic_stringIcSt11char_traitsIcESaIcEEEEONSt16remove_referenceIT_E4typeEOS9_
FNDA:246,_ZSt4moveIRlEONSt16remove_referenceIT_E4typeEOS2_
FNDA:0,_ZSt4moveIRSt6vectorINSt7__cxx1112basic_stringIcSt11char_traitsIcESaIcEEESaIS6_EEEONSt16remove_referenceIT_E4typeEOSB_
FNDA:0,_ZSt4moveIRPKN4Json12PathArgumentEEONSt16remove_referenceIT_E4typeEOS6_
FNDA:0,_ZSt4moveIRN4Json12PathArgumentEEONSt16remove_referenceIT_E4typeEOS4_
FNDA:0,_ZSt4moveIRSaIcEEONSt16remove_referenceIT_E4typeEOS3_
FNDA:0,_ZSt4moveIRSaINSt7__cxx1112basic_stringIcSt11char_traitsIcESaIcEEEEEONSt16remove_referenceIT_E4typeEOS9_
FNDA:26334,_ZSt4moveIRPSt5arrayINSt7__cxx1112basic_stringIcSt11char_traitsIcESaIcEEELm3EEEONSt16remove_referenceIT_E4typeEOSB_
FNDA:0,_ZSt9addressofIKcEPT_RS1_
FNDA:0,_ZSt9addressofIcEPT_RS0_
FNDA:0,_ZSt4swapIPNSt7__cxx1112basic_stringIcSt11char_traitsIcESaIcEEEENSt9enable_ifIXsrSt6__and_IJSt6__not_ISt15__is_tuple_likeIT_EESt21is_move_constructibleISB_ESt18is_move_assignableISB_EEE5valueEvE4typeERSB_SL_
FNDA:8778,_ZSt4swapIPSt5arrayINSt7__cxx1112basic_stringIcSt11char_traitsIcESaIcEEELm3EEENSt9enable_ifIXsrSt6__and_IJSt6__not_ISt15__is_tuple_likeIT_EESt21is_move_constructibleISD_ESt18is_move_assignableISD_EEE5valueEvE4typeERSD_SN_
FNDA:82,_ZSt4swapIlENSt9enable_ifIXsrSt6__and_IJSt6__not_ISt15__is_tuple_likeIT_EESt21is_move_constructibleIS4_ESt18is_move_assignableIS4_EEE5valueEvE4typeERS4_SE_
FNDA:41,_ZSt4swapIN4Json5Value8CommentsEENSt9enable_ifIXsrSt6__and_IJSt6__not_ISt15__is_tuple_likeIT_EESt21is_move_constructibleIS7_ESt18is_move_assignableIS7_EEE5valueEvE4typeERS7_SH_
FNDA:1849,_ZSt4swapIN4Json5Value11ValueHolderEENSt9enable_ifIXsrSt6__and_IJSt6__not_ISt15__is_tuple_likeIT_EESt21is_move_constructibleIS7_ESt18is_move_assignableIS7_EEE5valueEvE4typeERS7_SH_
FNDA:1849,_ZSt4swapIN4Json5ValueUt_EENSt9enable_ifIXsrSt6__and_IJSt6__not_ISt15__is_tuple_likeIT_EESt21is_move_constructibleIS7_ESt18is_move_assignableIS7_EEE5valueEvE4typeERS7_SH_
FNDA:0,_ZSt4swapIjENSt9enable_ifIXsrSt6__and_IJSt6__not_ISt15__is_tuple_likeIT_EESt21is_move_constructibleIS4_ESt18is_move_assignableIS4_EEE5valueEvE4typeERS4_SE_
FNDA:0,_ZSt4swapIPKcENSt9enable_ifIXsrSt6__and_IJSt6__not_ISt15__is_tuple_likeIT_EESt21is_move_constructibleIS6_ESt18is_move_assignableIS6_EEE5valueEvE4typeERS6_SG_
FNF:64
FNH:20
DA:47,0
DA:48,0
DA:49,0
DA:50,0
DA:51,0
DA:52,0
DA:53,0
DA:54,0
DA:55,0
DA:56,0
DA:57,0
DA:58,0
DA:59,0
DA:60,0
DA:61,0
DA:62,0
DA:63,0
DA:64,0
DA:90,44556
DA:91,44556
DA:92,0
DA:93,0
DA:94,1826
DA:95,1826
DA:96,10956
DA:97,10956
DA:98,0
DA:99,0
DA:100,0
DA:101,0
DA:102,0
DA:103,0
DA:104,0
DA:105,0
DA:106,0
DA:107,0
DA:108,0
DA:109,0
DA:110,0
DA:111,0
DA:112,0
DA:113,0
DA:114,0
DA:115,0
DA:116,9024
DA:117,9024
DA:118,0
DA:119,0
DA:120,0
DA:121,0
DA:122,0
DA:123,0
DA:124,0
DA:125,0
DA:126,5424
DA:127,5424
DA:128,0
DA:129,0
DA:130,0
DA:131,0
DA:132,123
DA:133,123
DA:134,0
DA:135,0
DA:136,0
DA:137,0
DA:138,0
DA:139,0
DA:140,1993
DA:141,1993
DA:142,350
DA:143,350
DA:144,14860
DA:145,14860
DA:146,0
DA:147,0
DA:148,0
DA:149,0
DA:173,43390
DA:174,43390
DA:175,123
DA:176,123
DA:177,0
DA:178,0
DA:179,0
DA:180,0
DA:181,1977
DA:182,1977
DA:183,3616
DA:184,3616
DA:185,0
DA:186,0
DA:187,0
DA:188,0
DA:189,5547
DA:190,5547
DA:191,5547
DA:192,5547
DA:193,0
DA:194,0
DA:195,246
DA:196,246
DA:197,0
DA:198,0
DA:199,0
DA:200,0
DA:201,0
DA:202,0
DA:203,0
DA:204,0
DA:205,0
DA:206,0
DA:207,26334
DA:208,26334
DA:246,0
DA:247,0
DA:248,0
DA:249,0
DA:250,0
DA:251,0
DA:294,12599
DA:305,12640
DA:306,12599
DA:307,12599
DA:308,12599
DA:309,0
DA:320,0
DA:321,0
DA:322,0
DA:323,0
DA:324,8778
DA:335,8778
DA:336,8778
DA:337,8778
DA:338,8778
DA:339,82
DA:350,82
DA:351,82
DA:352,82
DA:353,82
DA:354,41
DA:365,82
DA:366,41
DA:367,41
DA:368,41
DA:369,1849
DA:380,1849
DA:381,1849
DA:382,1849
DA:383,1849
DA:384,1849
DA:395,1849
DA:396,1849
DA:397,1849
DA:398,1849
DA:399,0
DA:410,0
DA:411,0
DA:412,0
DA:413,0
DA:414,0
DA:425,0
DA:426,0
DA:427,0
DA:428,0
LF:165
LH:64
end_of_record
SF:/usr/include/c++/8/bits/predefined_ops.h
FN:42,_ZNK9__gnu_cxx5__ops15_Iter_less_iterclISt23_Rb_tree_const_iteratorISt4pairIKN4Json5Value8CZStringES6_EESA_EEbT_T0_
FN:48,_ZN9__gnu_cxx5__ops16__iter_less_iterEv
FNDA:0,_ZNK9__gnu_cxx5__ops15_Iter_less_iterclISt23_Rb_tree_const_iteratorISt4pairIKN4Json5Value8CZStringES6_EESA_EEbT_T0_
FNDA:0,_ZN9__gnu_cxx5__ops16__iter_less_iterEv
FNF:2
FNH:0
DA:42,0
DA:43,0
DA:48,0
DA:49,0
LF:4
LH:0
end_of_record
SF:/usr/include/c++/8/bits/ptr_traits.h
FN:141,_ZNSt14pointer_traitsIPcE10pointer_toERc
FN:141,_ZNSt14pointer_traitsIPKcE10pointer_toERS0_
FNDA:0,_ZNSt14pointer_traitsIPKcE10pointer_toERS0_
FNDA:0,_ZNSt14pointer_traitsIPcE10pointer_toERc
FNF:2
FNH:0
DA:141,0
DA:142,0
DA:143,0
DA:144,0
DA:145,0
DA:146,0
LF:6
LH:0
end_of_record
SF:/usr/include/c++/8/bits/stl_algobase.h
FN:195,_ZSt3minIjERKT_S2_S2_
FN:195,_ZSt3minImERKT_S2_S2_
FN:219,_ZSt3maxImERKT_S2_S2_
FN:277,_ZSt12__niter_baseIPPKN4Json12PathArgumentEET_S5_
FN:277,_ZSt12__niter_baseIPPN4Json6Reader9ErrorInfoEET_S5_
FN:277,_ZSt12__niter_baseIPPPN4Json5ValueEET_S5_
FN:277,_ZSt12__niter_baseIPPN4Json9OurReader9ErrorInfoEET_S5_
FN:277,_ZSt12__niter_baseISt23_Rb_tree_const_iteratorISt4pairIKN4Json5Value8CZStringES3_EEET_S8_
FN:357,_ZNSt11__copy_moveILb0ELb1ESt26random_access_iterator_tagE8__copy_mIPN4Json6Reader9ErrorInfoEEEPT_PKS7_SA_S8_
FN:357,_ZNSt11__copy_moveILb0ELb1ESt26random_access_iterator_tagE8__copy_mIPN4Json9OurReader9ErrorInfoEEEPT_PKS7_SA_S8_
FN:357,_ZNSt11__copy_moveILb0ELb1ESt26random_access_iterator_tagE8__copy_mIPPN4Json5ValueEEEPT_PKS7_SA_S8_
FN:357,_ZNSt11__copy_moveILb1ELb1ESt26random_access_iterator_tagE8__copy_mIPKN4Json12PathArgumentEEEPT_PKS7_SA_S8_
FN:375,_ZSt13__copy_move_aILb0EPPPN4Json5ValueES4_ET1_T0_S6_S5_
FN:375,_ZSt13__copy_move_aILb1EPPKN4Json12PathArgumentES4_ET1_T0_S6_S5_
FN:375,_ZSt13__copy_move_aILb0EPPN4Json6Reader9ErrorInfoES4_ET1_T0_S6_S5_
FN:375,_ZSt13__copy_move_aILb0EPPN4Json9OurReader9ErrorInfoES4_ET1_T0_S6_S5_
FN:420,_ZSt14__copy_move_a2ILb0EPPN4Json9OurReader9ErrorInfoES4_ET1_T0_S6_S5_
FN:420,_ZSt14__copy_move_a2ILb1EPPKN4Json12PathArgumentES4_ET1_T0_S6_S5_
FN:420,_ZSt14__copy_move_a2ILb0EPPPN4Json5ValueES4_ET1_T0_S6_S5_
FN:420,_ZSt14__copy_move_a2ILb0EPPN4Json6Reader9ErrorInfoES4_ET1_T0_S6_S5_
FN:446,_ZSt4copyIPPPN4Json5ValueES4_ET0_T_S6_S5_
FN:446,_ZSt4copyISt13move_iteratorIPPKN4Json12PathArgumentEES5_ET0_T_S8_S7_
FN:446,_ZSt4copyIPPN4Json6Reader9ErrorInfoES4_ET0_T_S6_S5_
FN:446,_ZSt4copyIPPN4Json9OurReader9ErrorInfoES4_ET0_T_S6_S5_
FN:559,_ZNSt20__copy_move_backwardILb0ELb1ESt26random_access_iterator_tagE13__copy_move_bIPN4Json6Reader9ErrorInfoEEEPT_PKS7_SA_S8_
FN:559,_ZNSt20__copy_move_backwardILb0ELb1ESt26random_access_iterator_tagE13__copy_move_bIPPN4Json5ValueEEEPT_PKS7_SA_S8_
FN:559,_ZNSt20__copy_move_backwardILb0ELb1ESt26random_access_iterator_tagE13__copy_move_bIPN4Json9OurReader9ErrorInfoEEEPT_PKS7_SA_S8_
FN:577,_ZSt22__copy_move_backward_aILb0EPPN4Json6Reader9ErrorInfoES4_ET1_T0_S6_S5_
FN:577,_ZSt22__copy_move_backward_aILb0EPPPN4Json5ValueES4_ET1_T0_S6_S5_
FN:577,_ZSt22__copy_move_backward_aILb0EPPN4Json9OurReader9ErrorInfoES4_ET1_T0_S6_S5_
FN:595,_ZSt23__copy_move_backward_a2ILb0EPPN4Json6Reader9ErrorInfoES4_ET1_T0_S6_S5_
FN:595,_ZSt23__copy_move_backward_a2ILb0EPPPN4Json5ValueES4_ET1_T0_S6_S5_
FN:595,_ZSt23__copy_move_backward_a2ILb0EPPN4Json9OurReader9ErrorInfoES4_ET1_T0_S6_S5_
FN:622,_ZSt13copy_backwardIPPN4Json6Reader9ErrorInfoES4_ET0_T_S6_S5_
FN:622,_ZSt13copy_backwardIPPPN4Json5ValueES4_ET0_T_S6_S5_
FN:622,_ZSt13copy_backwardIPPN4Json9OurReader9ErrorInfoES4_ET0_T_S6_S5_
FN:797,_ZNSt7__equalILb0EE5equalISt23_Rb_tree_const_iteratorISt4pairIKN4Json5Value8CZStringES5_EES9_EEbT_SA_T0_
FN:821,_ZSt11__equal_auxISt23_Rb_tree_const_iteratorISt4pairIKN4Json5Value8CZStringES3_EES7_EbT_S8_T0_
FN:839,_ZNSt8__lc_raiISt26bidirectional_iterator_tagS0_E10__newlast1ISt23_Rb_tree_const_iteratorISt4pairIKN4Json5Value8CZStringES6_EESA_EET_SB_SB_T0_SC_
FN:844,_ZNSt8__lc_raiISt26bidirectional_iterator_tagS0_E6__cnd2ISt23_Rb_tree_const_iteratorISt4pairIKN4Json5Value8CZStringES6_EEEEbT_SB_
FN:871,_ZSt30__lexicographical_compare_implISt23_Rb_tree_const_iteratorISt4pairIKN4Json5Value8CZStringES3_EES7_N9__gnu_cxx5__ops15_Iter_less_iterEEbT_SB_T0_SC_T1_
FN:901,_ZNSt25__lexicographical_compareILb0EE4__lcISt23_Rb_tree_const_iteratorISt4pairIKN4Json5Value8CZStringES5_EES9_EEbT_SA_T0_SB_
FN:928,_ZSt29__lexicographical_compare_auxISt23_Rb_tree_const_iteratorISt4pairIKN4Json5Value8CZStringES3_EES7_EbT_S8_T0_S9_
FN:1039,_ZSt5equalISt23_Rb_tree_const_iteratorISt4pairIKN4Json5Value8CZStringES3_EES7_EbT_S8_T0_
FN:1221,_ZSt23lexicographical_compareISt23_Rb_tree_const_iteratorISt4pairIKN4Json5Value8CZStringES3_EES7_EbT_S8_T0_S9_
FNDA:0,_ZSt3minImERKT_S2_S2_
FNDA:3838,_ZSt3minIjERKT_S2_S2_
FNDA:0,_ZSt3maxImERKT_S2_S2_
FNDA:0,_ZSt12__niter_baseIPPPN4Json5ValueEET_S5_
FNDA:0,_ZSt12__niter_baseIPPKN4Json12PathArgumentEET_S5_
FNDA:0,_ZSt12__niter_baseIPPN4Json9OurReader9ErrorInfoEET_S5_
FNDA:0,_ZSt12__niter_baseIPPN4Json6Reader9ErrorInfoEET_S5_
FNDA:0,_ZSt12__niter_baseISt23_Rb_tree_const_iteratorISt4pairIKN4Json5Value8CZStringES3_EEET_S8_
FNDA:0,_ZNSt11__copy_moveILb0ELb1ESt26random_access_iterator_tagE8__copy_mIPPN4Json5ValueEEEPT_PKS7_SA_S8_
FNDA:0,_ZNSt11__copy_moveILb1ELb1ESt26random_access_iterator_tagE8__copy_mIPKN4Json12PathArgumentEEEPT_PKS7_SA_S8_
FNDA:0,_ZNSt11__copy_moveILb0ELb1ESt26random_access_iterator_tagE8__copy_mIPN4Json9OurReader9ErrorInfoEEEPT_PKS7_SA_S8_
FNDA:0,_ZNSt11__copy_moveILb0ELb1ESt26random_access_iterator_tagE8__copy_mIPN4Json6Reader9ErrorInfoEEEPT_PKS7_SA_S8_
FNDA:0,_ZSt13__copy_move_aILb0EPPPN4Json5ValueES4_ET1_T0_S6_S5_
FNDA:0,_ZSt13__copy_move_aILb1EPPKN4Json12PathArgumentES4_ET1_T0_S6_S5_
FNDA:0,_ZSt13__copy_move_aILb0EPPN4Json9OurReader9ErrorInfoES4_ET1_T0_S6_S5_
FNDA:0,_ZSt13__copy_move_aILb0EPPN4Json6Reader9ErrorInfoES4_ET1_T0_S6_S5_
FNDA:0,_ZSt14__copy_move_a2ILb0EPPPN4Json5ValueES4_ET1_T0_S6_S5_
FNDA:0,_ZSt14__copy_move_a2ILb1EPPKN4Json12PathArgumentES4_ET1_T0_S6_S5_
FNDA:0,_ZSt14__copy_move_a2ILb0EPPN4Json9OurReader9ErrorInfoES4_ET1_T0_S6_S5_
FNDA:0,_ZSt14__copy_move_a2ILb0EPPN4Json6Reader9ErrorInfoES4_ET1_T0_S6_S5_
FNDA:0,_ZSt4copyIPPPN4Json5ValueES4_ET0_T_S6_S5_
FNDA:0,_ZSt4copyISt13move_iteratorIPPKN4Json12PathArgumentEES5_ET0_T_S8_S7_
FNDA:0,_ZSt4copyIPPN4Json9OurReader9ErrorInfoES4_ET0_T_S6_S5_
FNDA:0,_ZSt4copyIPPN4Json6Reader9ErrorInfoES4_ET0_T_S6_S5_
FNDA:0,_ZNSt20__copy_move_backwardILb0ELb1ESt26random_access_iterator_tagE13__copy_move_bIPPN4Json5ValueEEEPT_PKS7_SA_S8_
FNDA:0,_ZNSt20__copy_move_backwardILb0ELb1ESt26random_access_iterator_tagE13__copy_move_bIPN4Json9OurReader9ErrorInfoEEEPT_PKS7_SA_S8_
FNDA:0,_ZNSt20__copy_move_backwardILb0ELb1ESt26random_access_iterator_tagE13__copy_move_bIPN4Json6Reader9ErrorInfoEEEPT_PKS7_SA_S8_
FNDA:0,_ZSt22__copy_move_backward_aILb0EPPPN4Json5ValueES4_ET1_T0_S6_S5_
FNDA:0,_ZSt22__copy_move_backward_aILb0EPPN4Json9OurReader9ErrorInfoES4_ET1_T0_S6_S5_
FNDA:0,_ZSt22__copy_move_backward_aILb0EPPN4Json6Reader9ErrorInfoES4_ET1_T0_S6_S5_
FNDA:0,_ZSt23__copy_move_backward_a2ILb0EPPPN4Json5ValueES4_ET1_T0_S6_S5_
FNDA:0,_ZSt23__copy_move_backward_a2ILb0EPPN4Json9OurReader9ErrorInfoES4_ET1_T0_S6_S5_
FNDA:0,_ZSt23__copy_move_backward_a2ILb0EPPN4Json6Reader9ErrorInfoES4_ET1_T0_S6_S5_
FNDA:0,_ZSt13copy_backwardIPPPN4Json5ValueES4_ET0_T_S6_S5_
FNDA:0,_ZSt13copy_backwardIPPN4Json9OurReader9ErrorInfoES4_ET0_T_S6_S5_
FNDA:0,_ZSt13copy_backwardIPPN4Json6Reader9ErrorInfoES4_ET0_T_S6_S5_
FNDA:0,_ZNSt7__equalILb0EE5equalISt23_Rb_tree_const_iteratorISt4pairIKN4Json5Value8CZStringES5_EES9_EEbT_SA_T0_
FNDA:0,_ZSt11__equal_auxISt23_Rb_tree_const_iteratorISt4pairIKN4Json5Value8CZStringES3_EES7_EbT_S8_T0_
FNDA:0,_ZNSt8__lc_raiISt26bidirectional_iterator_tagS0_E10__newlast1ISt23_Rb_tree_const_iteratorISt4pairIKN4Json5Value8CZStringES6_EESA_EET_SB_SB_T0_SC_
FNDA:0,_ZNSt8__lc_raiISt26bidirectional_iterator_tagS0_E6__cnd2ISt23_Rb_tree_const_iteratorISt4pairIKN4Json5Value8CZStringES6_EEEEbT_SB_
FNDA:0,_ZSt30__lexicographical_compare_implISt23_Rb_tree_const_iteratorISt4pairIKN4Json5Value8CZStringES3_EES7_N9__gnu_cxx5__ops15_Iter_less_iterEEbT_SB_T0_SC_T1_
FNDA:0,_ZNSt25__lexicographical_compareILb0EE4__lcISt23_Rb_tree_const_iteratorISt4pairIKN4Json5Value8CZStringES5_EES9_EEbT_SA_T0_SB_
FNDA:0,_ZSt29__lexicographical_compare_auxISt23_Rb_tree_const_iteratorISt4pairIKN4Json5Value8CZStringES3_EES7_EbT_S8_T0_S9_
FNDA:0,_ZSt5equalISt23_Rb_tree_const_iteratorISt4pairIKN4Json5Value8CZStringES3_EES7_EbT_S8_T0_
FNDA:0,_ZSt23lexicographical_compareISt23_Rb_tree_const_iteratorISt4pairIKN4Json5Value8CZStringES3_EES7_EbT_S8_T0_S9_
FNF:45
FNH:1
DA:195,3838
DA:200,3838
DA:201,368
DA:202,3470
DA:204,0
DA:209,0
DA:210,0
DA:211,0
DA:213,3838
DA:218,3838
DA:219,368
DA:220,3470
DA:237,0
DA:242,0
DA:243,0
DA:244,0
DA:295,0
DA:296,0
DA:297,0
DA:298,0
DA:299,0
DA:300,0
DA:301,0
DA:302,0
DA:303,0
DA:304,0
DA:305,0
DA:306,0
DA:385,0
DA:394,0
DA:395,0
DA:396,0
DA:397,0
DA:399,0
DA:408,0
DA:409,0
DA:410,0
DA:411,0
DA:413,0
DA:422,0
DA:423,0
DA:424,0
DA:425,0
DA:427,0
DA:436,0
DA:437,0
DA:438,0
DA:439,0
DA:441,0
DA:450,0
DA:451,0
DA:452,0
DA:453,0
DA:459,0
DA:464,0
DA:470,0
DA:472,0
DA:477,0
DA:483,0
DA:485,0
DA:490,0
DA:496,0
DA:498,0
DA:503,0
DA:509,0
DA:511,0
DA:516,0
DA:522,0
DA:556,0
DA:558,0
DA:560,0
DA:562,0
DA:564,0
DA:566,0
DA:568,0
DA:570,0
DA:572,0
DA:574,0
DA:576,0
DA:578,0
DA:580,0
DA:582,0
DA:584,0
DA:606,0
DA:615,0
DA:616,0
DA:618,0
DA:627,0
DA:628,0
DA:630,0
DA:639,0
DA:640,0
DA:642,0
DA:651,0
DA:652,0
DA:654,0
DA:663,0
DA:664,0
DA:767,0
DA:776,0
DA:777,0
DA:778,0
DA:779,0
DA:781,0
DA:790,0
DA:791,0
DA:792,0
DA:793,0
DA:795,0
DA:804,0
DA:805,0
DA:806,0
DA:807,0
DA:809,0
DA:818,0
DA:819,0
DA:820,0
DA:821,0
DA:827,0
DA:832,0
DA:838,0
DA:840,0
DA:842,0
DA:847,0
DA:853,0
DA:855,0
DA:857,0
DA:862,0
DA:868,0
DA:870,0
DA:872,0
DA:877,0
DA:883,0
DA:885,0
DA:890,0
DA:893,0
DA:894,0
DA:896,0
DA:899,0
DA:900,0
DA:902,0
DA:905,0
DA:906,0
DA:908,0
DA:911,0
DA:912,0
DA:935,0
DA:946,0
DA:947,0
DA:949,0
DA:960,0
DA:961,0
DA:963,0
DA:974,0
DA:975,0
DA:977,0
DA:988,0
DA:989,0
DA:1152,0
DA:1154,0
DA:1155,0
DA:1156,0
DA:1157,0
DA:1176,0
DA:1180,0
DA:1186,0
DA:1194,0
DA:1195,0
DA:1199,0
DA:1200,0
DA:1226,0
DA:1234,0
DA:1235,0
DA:1236,0
DA:1238,0
DA:1239,0
DA:1240,0
DA:1241,0
DA:1243,0
DA:1256,0
DA:1259,0
DA:1261,0
DA:1283,0
DA:1288,0
DA:1295,0
DA:1296,0
DA:1394,0
DA:1404,0
DA:1406,0
DA:1576,0
DA:1591,0
DA:1594,0
LF:192
LH:8
end_of_record
SF:/usr/include/c++/8/bits/stl_construct.h
FN:74,_ZSt10_ConstructIN4Json6Reader9ErrorInfoEJEEvPT_DpOT0_
FN:74,_ZSt10_ConstructIN4Json9OurReader15StructuredErrorEJS2_EEvPT_DpOT0_
FN:74,_ZSt10_ConstructIN4Json12PathArgumentEJS1_EEvPT_DpOT0_
FN:74,_ZSt10_ConstructIN4Json9OurReader9ErrorInfoEJEEvPT_DpOT0_
FN:74,_ZSt10_ConstructIN4Json6Reader15StructuredErrorEJS2_EEvPT_DpOT0_
FN:74,_ZSt10_ConstructINSt7__cxx1112basic_stringIcSt11char_traitsIcESaIcEEEJS5_EEvPT_DpOT0_
FN:97,_ZSt8_DestroyIN4Json6Reader9ErrorInfoEEvPT_
FN:97,_ZSt8_DestroyINSt7__cxx1112basic_stringIcSt11char_traitsIcESaIcEEEEvPT_
FN:97,_ZSt8_DestroyIN4Json9OurReader9ErrorInfoEEvPT_
FN:97,_ZSt8_DestroyIN4Json12PathArgumentEEvPT_
FN:97,_ZSt8_DestroyIN4Json6Reader15StructuredErrorEEvPT_
FN:97,_ZSt8_DestroyIN4Json9OurReader15StructuredErrorEEvPT_
FN:105,_ZNSt12_Destroy_auxILb0EE9__destroyIPN4Json6Reader15StructuredErrorEEEvT_S6_
FN:105,_ZNSt12_Destroy_auxILb0EE9__destroyIPNSt7__cxx1112basic_stringIcSt11char_traitsIcESaIcEEEEEvT_S9_
FN:105,_ZNSt12_Destroy_auxILb0EE9__destroyIPN4Json6Reader9ErrorInfoEEEvT_S6_
FN:105,_ZNSt12_Destroy_auxILb0EE9__destroyIPN4Json9OurReader9ErrorInfoEEEvT_S6_
FN:105,_ZNSt12_Destroy_auxILb0EE9__destroyIPN4Json9OurReader15StructuredErrorEEEvT_S6_
FN:105,_ZNSt12_Destroy_auxILb0EE9__destroyIPN4Json12PathArgumentEEEvT_S5_
FN:117,_ZNSt12_Destroy_auxILb1EE9__destroyIPPKN4Json12PathArgumentEEEvT_S7_
FN:127,_ZSt8_DestroyIPN4Json9OurReader15StructuredErrorEEvT_S4_
FN:127,_ZSt8_DestroyIPN4Json9OurReader9ErrorInfoEEvT_S4_
FN:127,_ZSt8_DestroyIPN4Json12PathArgumentEEvT_S3_
FN:127,_ZSt8_DestroyIPNSt7__cxx1112basic_stringIcSt11char_traitsIcESaIcEEEEvT_S7_
FN:127,_ZSt8_DestroyIPN4Json6Reader9ErrorInfoEEvT_S4_
FN:127,_ZSt8_DestroyIPN4Json6Reader15StructuredErrorEEvT_S4_
FN:127,_ZSt8_DestroyIPPKN4Json12PathArgumentEEvT_S5_
FN:203,_ZSt8_DestroyIPNSt7__cxx1112basic_stringIcSt11char_traitsIcESaIcEEES5_EvT_S7_RSaIT0_E
FN:203,_ZSt8_DestroyIPN4Json12PathArgumentES1_EvT_S3_RSaIT0_E
FN:203,_ZSt8_DestroyIPPKN4Json12PathArgumentES3_EvT_S5_RSaIT0_E
FN:203,_ZSt8_DestroyIPN4Json6Reader15StructuredErrorES2_EvT_S4_RSaIT0_E
FN:203,_ZSt8_DestroyIPN4Json6Reader9ErrorInfoES2_EvT_S4_RSaIT0_E
FN:203,_ZSt8_DestroyIPN4Json9OurReader9ErrorInfoES2_EvT_S4_RSaIT0_E
FN:203,_ZSt8_DestroyIPN4Json9OurReader15StructuredErrorES2_EvT_S4_RSaIT0_E
FNDA:0,_ZSt10_ConstructIN4Json12PathArgumentEJS1_EEvPT_DpOT0_
FNDA:0,_ZSt10_ConstructIN4Json9OurReader15StructuredErrorEJS2_EEvPT_DpOT0_
FNDA:0,_ZSt10_ConstructIN4Json6Reader15StructuredErrorEJS2_EEvPT_DpOT0_
FNDA:0,_ZSt10_ConstructINSt7__cxx1112basic_stringIcSt11char_traitsIcESaIcEEEJS5_EEvPT_DpOT0_
FNDA:0,_ZSt10_ConstructIN4Json9OurReader9ErrorInfoEJEEvPT_DpOT0_
FNDA:0,_ZSt10_ConstructIN4Json6Reader9ErrorInfoEJEEvPT_DpOT0_
FNDA:0,_ZSt8_DestroyIN4Json9OurReader9ErrorInfoEEvPT_
FNDA:0,_ZSt8_DestroyIN4Json6Reader9ErrorInfoEEvPT_
FNDA:0,_ZSt8_DestroyIN4Json12PathArgumentEEvPT_
FNDA:0,_ZSt8_DestroyINSt7__cxx1112basic_stringIcSt11char_traitsIcESaIcEEEEvPT_
FNDA:0,_ZSt8_DestroyIN4Json9OurReader15StructuredErrorEEvPT_
FNDA:0,_ZSt8_DestroyIN4Json6Reader15StructuredErrorEEvPT_
FNDA:4,_ZNSt12_Destroy_auxILb0EE9__destroyIPN4Json9OurReader9ErrorInfoEEEvT_S6_
FNDA:0,_ZNSt12_Destroy_auxILb0EE9__destroyIPN4Json6Reader9ErrorInfoEEEvT_S6_
FNDA:0,_ZNSt12_Destroy_auxILb0EE9__destroyIPN4Json12PathArgumentEEEvT_S5_
FNDA:0,_ZNSt12_Destroy_auxILb0EE9__destroyIPNSt7__cxx1112basic_stringIcSt11char_traitsIcESaIcEEEEEvT_S9_
FNDA:0,_ZNSt12_Destroy_auxILb0EE9__destroyIPN4Json9OurReader15StructuredErrorEEEvT_S6_
FNDA:0,_ZNSt12_Destroy_auxILb0EE9__destroyIPN4Json6Reader15StructuredErrorEEEvT_S6_
FNDA:0,_ZNSt12_Destroy_auxILb1EE9__destroyIPPKN4Json12PathArgumentEEEvT_S7_
FNDA:4,_ZSt8_DestroyIPN4Json9OurReader9ErrorInfoEEvT_S4_
FNDA:0,_ZSt8_DestroyIPN4Json6Reader9ErrorInfoEEvT_S4_
FNDA:0,_ZSt8_DestroyIPPKN4Json12PathArgumentEEvT_S5_
FNDA:0,_ZSt8_DestroyIPN4Json12PathArgumentEEvT_S3_
FNDA:0,_ZSt8_DestroyIPNSt7__cxx1112basic_stringIcSt11char_traitsIcESaIcEEEEvT_S7_
FNDA:0,_ZSt8_DestroyIPN4Json9OurReader15StructuredErrorEEvT_S4_
FNDA:0,_ZSt8_DestroyIPN4Json6Reader15StructuredErrorEEvT_S4_
FNDA:4,_ZSt8_DestroyIPN4Json9OurReader9ErrorInfoES2_EvT_S4_RSaIT0_E
FNDA:0,_ZSt8_DestroyIPN4Json6Reader9ErrorInfoES2_EvT_S4_RSaIT0_E
FNDA:0,_ZSt8_DestroyIPPKN4Json12PathArgumentES3_EvT_S5_RSaIT0_E
FNDA:0,_ZSt8_DestroyIPN4Json12PathArgumentES1_EvT_S3_RSaIT0_E
FNDA:0,_ZSt8_DestroyIPNSt7__cxx1112basic_stringIcSt11char_traitsIcESaIcEEES5_EvT_S7_RSaIT0_E
FNDA:0,_ZSt8_DestroyIPN4Json9OurReader15StructuredErrorES2_EvT_S4_RSaIT0_E
FNDA:0,_ZSt8_DestroyIPN4Json6Reader15StructuredErrorES2_EvT_S4_RSaIT0_E
FNF:33
FNH:3
DA:74,0
DA:75,0
DA:76,0
DA:77,0
DA:78,0
DA:79,0
DA:80,0
DA:81,0
DA:82,0
DA:83,0
DA:84,0
DA:85,0
DA:86,0
DA:87,0
DA:109,0
DA:110,0
DA:111,0
DA:112,0
DA:113,0
DA:114,0
DA:115,0
DA:116,0
DA:117,0
DA:118,0
DA:119,0
DA:120,0
DA:121,0
DA:122,0
DA:129,4
DA:131,4
DA:132,0
DA:133,4
DA:134,4
DA:136,4
DA:137,0
DA:138,4
DA:139,0
DA:141,0
DA:142,0
DA:143,0
DA:144,0
DA:146,0
DA:147,0
DA:148,0
DA:149,0
DA:151,0
DA:152,0
DA:153,0
DA:154,0
DA:156,0
DA:157,0
DA:158,0
DA:159,0
DA:161,0
DA:162,0
DA:163,0
DA:171,0
DA:181,4
DA:191,4
DA:192,4
DA:193,4
DA:203,4
DA:204,4
DA:205,0
DA:215,0
DA:216,0
DA:217,0
DA:227,0
DA:228,0
DA:229,0
DA:239,0
DA:240,0
DA:241,0
DA:251,0
DA:252,0
DA:253,0
DA:263,0
DA:264,0
DA:265,0
DA:275,0
DA:276,0
DA:341,4
DA:344,4
DA:345,4
DA:346,4
DA:349,4
DA:350,4
DA:351,0
DA:354,0
DA:355,0
DA:356,0
DA:359,0
DA:360,0
DA:361,0
DA:364,0
DA:365,0
DA:366,0
DA:369,0
DA:370,0
DA:371,0
DA:374,0
DA:375,0
DA:376,0
DA:379,0
DA:380,0
LF:105
LH:18
end_of_record
SF:/usr/include/c++/8/bits/stl_deque.h
FN:92,_ZSt16__deque_buf_sizem
FN:129,_ZNSt15_Deque_iteratorIN4Json9OurReader9ErrorInfoERKS2_PS3_E14_S_buffer_sizeEv
FN:129,_ZNSt15_Deque_iteratorIPN4Json5ValueERS2_PS2_E14_S_buffer_sizeEv
FN:129,_ZNSt15_Deque_iteratorIN4Json6Reader9ErrorInfoERKS2_PS3_E14_S_buffer_sizeEv
FN:129,_ZNSt15_Deque_iteratorIN4Json6Reader9ErrorInfoERS2_PS2_E14_S_buffer_sizeEv
FN:129,_ZNSt15_Deque_iteratorIN4Json9OurReader9ErrorInfoERS2_PS2_E14_S_buffer_sizeEv
FN:149,_ZNSt15_Deque_iteratorIPN4Json5ValueERS2_PS2_EC2Ev
FN:149,_ZNSt15_Deque_iteratorIN4Json9OurReader9ErrorInfoERS2_PS2_EC2Ev
FN:149,_ZNSt15_Deque_iteratorIN4Json6Reader9ErrorInfoERS2_PS2_EC2Ev
FN:152,_ZNSt15_Deque_iteratorIN4Json9OurReader9ErrorInfoERS2_PS2_EC2ERKS5_
FN:152,_ZNSt15_Deque_iteratorIN4Json9OurReader9ErrorInfoERKS2_PS3_EC2ERKS_IS2_RS2_PS2_E
FN:152,_ZNSt15_Deque_iteratorIPN4Json5ValueERS2_PS2_EC2ERKS5_
FN:152,_ZNSt15_Deque_iteratorIN4Json6Reader9ErrorInfoERKS2_PS3_EC2ERKS_IS2_RS2_PS2_E
FN:152,_ZNSt15_Deque_iteratorIN4Json6Reader9ErrorInfoERS2_PS2_EC2ERKS5_
FN:161,_ZNKSt15_Deque_iteratorIN4Json6Reader9ErrorInfoERKS2_PS3_EdeEv
FN:161,_ZNKSt15_Deque_iteratorIN4Json9OurReader9ErrorInfoERS2_PS2_EdeEv
FN:161,_ZNKSt15_Deque_iteratorIN4Json6Reader9ErrorInfoERS2_PS2_EdeEv
FN:161,_ZNKSt15_Deque_iteratorIPN4Json5ValueERS2_PS2_EdeEv
FN:161,_ZNKSt15_Deque_iteratorIN4Json9OurReader9ErrorInfoERKS2_PS3_EdeEv
FN:169,_ZNSt15_Deque_iteratorIN4Json9OurReader9ErrorInfoERKS2_PS3_EppEv
FN:169,_ZNSt15_Deque_iteratorIN4Json9OurReader9ErrorInfoERS2_PS2_EppEv
FN:169,_ZNSt15_Deque_iteratorIN4Json6Reader9ErrorInfoERS2_PS2_EppEv
FN:169,_ZNSt15_Deque_iteratorIN4Json6Reader9ErrorInfoERKS2_PS3_EppEv
FN:189,_ZNSt15_Deque_iteratorIPN4Json5ValueERS2_PS2_EmmEv
FN:209,_ZNSt15_Deque_iteratorIN4Json9OurReader9ErrorInfoERS2_PS2_EpLEl
FN:209,_ZNSt15_Deque_iteratorIN4Json6Reader9ErrorInfoERS2_PS2_EpLEl
FN:228,_ZNKSt15_Deque_iteratorIN4Json9OurReader9ErrorInfoERS2_PS2_EplEl
FN:228,_ZNKSt15_Deque_iteratorIN4Json6Reader9ErrorInfoERS2_PS2_EplEl
FN:255,_ZNSt15_Deque_iteratorIN4Json9OurReader9ErrorInfoERS2_PS2_E11_M_set_nodeEPS4_
FN:255,_ZNSt15_Deque_iteratorIN4Json6Reader9ErrorInfoERS2_PS2_E11_M_set_nodeEPS4_
FN:255,_ZNSt15_Deque_iteratorIN4Json6Reader9ErrorInfoERKS2_PS3_E11_M_set_nodeEPPS2_
FN:255,_ZNSt15_Deque_iteratorIPN4Json5ValueERS2_PS2_E11_M_set_nodeEPS4_
FN:255,_ZNSt15_Deque_iteratorIN4Json9OurReader9ErrorInfoERKS2_PS3_E11_M_set_nodeEPPS2_
FN:268,_ZSteqIPN4Json5ValueERS2_PS2_EbRKSt15_Deque_iteratorIT_T0_T1_ESB_
FN:268,_ZSteqIN4Json9OurReader9ErrorInfoERKS2_PS3_EbRKSt15_Deque_iteratorIT_T0_T1_ESC_
FN:268,_ZSteqIN4Json6Reader9ErrorInfoERS2_PS2_EbRKSt15_Deque_iteratorIT_T0_T1_ESB_
FN:268,_ZSteqIN4Json6Reader9ErrorInfoERKS2_PS3_EbRKSt15_Deque_iteratorIT_T0_T1_ESC_
FN:268,_ZSteqIN4Json9OurReader9ErrorInfoERS2_PS2_EbRKSt15_Deque_iteratorIT_T0_T1_ESB_
FN:281,_ZStneIN4Json6Reader9ErrorInfoERKS2_PS3_EbRKSt15_Deque_iteratorIT_T0_T1_ESC_
FN:281,_ZStneIN4Json9OurReader9ErrorInfoERKS2_PS3_EbRKSt15_Deque_iteratorIT_T0_T1_ESC_
FN:281,_ZStneIN4Json6Reader9ErrorInfoERS2_PS2_EbRKSt15_Deque_iteratorIT_T0_T1_ESB_
FN:281,_ZStneIN4Json9OurReader9ErrorInfoERS2_PS2_EbRKSt15_Deque_iteratorIT_T0_T1_ESB_
FN:352,_ZStmiIN4Json9OurReader9ErrorInfoERS2_PS2_ENSt15_Deque_iteratorIT_T0_T1_E15difference_typeERKS9_SC_
FN:352,_ZStmiIN4Json6Reader9ErrorInfoERS2_PS2_ENSt15_Deque_iteratorIT_T0_T1_E15difference_typeERKS9_SC_
FN:352,_ZStmiIPN4Json5ValueERS2_PS2_ENSt15_Deque_iteratorIT_T0_T1_E15difference_typeERKS9_SC_
FN:491,_ZNSt11_Deque_baseIN4Json9OurReader9ErrorInfoESaIS2_EEC2Ev
FN:491,_ZNSt11_Deque_baseIPN4Json5ValueESaIS2_EEC2Ev
FN:491,_ZNSt11_Deque_baseIN4Json6Reader9ErrorInfoESaIS2_EEC2Ev
FN:558,_ZNSt11_Deque_baseIN4Json9OurReader9ErrorInfoESaIS2_EE11_Deque_implC2Ev
FN:558,_ZNSt11_Deque_baseIPN4Json5ValueESaIS2_EE11_Deque_implC2Ev
FN:558,_ZNSt11_Deque_baseIN4Json6Reader9ErrorInfoESaIS2_EE11_Deque_implC2Ev
FN:588,_ZNSt11_Deque_baseIN4Json9OurReader9ErrorInfoESaIS2_EE19_M_get_Tp_allocatorEv
FN:588,_ZNSt11_Deque_baseIN4Json6Reader9ErrorInfoESaIS2_EE19_M_get_Tp_allocatorEv
FN:588,_ZNSt11_Deque_baseIPN4Json5ValueESaIS2_EE19_M_get_Tp_allocatorEv
FN:592,_ZNKSt11_Deque_baseIN4Json6Reader9ErrorInfoESaIS2_EE19_M_get_Tp_allocatorEv
FN:592,_ZNKSt11_Deque_baseIPN4Json5ValueESaIS2_EE19_M_get_Tp_allocatorEv
FN:592,_ZNKSt11_Deque_baseIN4Json9OurReader9ErrorInfoESaIS2_EE19_M_get_Tp_allocatorEv
FN:596,_ZNKSt11_Deque_baseIN4Json6Reader9ErrorInfoESaIS2_EE20_M_get_map_allocatorEv
FN:596,_ZNKSt11_Deque_baseIN4Json9OurReader9ErrorInfoESaIS2_EE20_M_get_map_allocatorEv
FN:596,_ZNKSt11_Deque_baseIPN4Json5ValueESaIS2_EE20_M_get_map_allocatorEv
FN:600,_ZNSt11_Deque_baseIN4Json6Reader9ErrorInfoESaIS2_EE16_M_allocate_nodeEv
FN:600,_ZNSt11_Deque_baseIN4Json9OurReader9ErrorInfoESaIS2_EE16_M_allocate_nodeEv
FN:600,_ZNSt11_Deque_baseIPN4Json5ValueESaIS2_EE16_M_allocate_nodeEv
FN:607,_ZNSt11_Deque_baseIPN4Json5ValueESaIS2_EE18_M_deallocate_nodeEPS2_
FN:607,_ZNSt11_Deque_baseIN4Json9OurReader9ErrorInfoESaIS2_EE18_M_deallocate_nodeEPS2_
FN:607,_ZNSt11_Deque_baseIN4Json6Reader9ErrorInfoESaIS2_EE18_M_deallocate_nodeEPS2_
FN:614,_ZNSt11_Deque_baseIN4Json6Reader9ErrorInfoESaIS2_EE15_M_allocate_mapEm
FN:614,_ZNSt11_Deque_baseIN4Json9OurReader9ErrorInfoESaIS2_EE15_M_allocate_mapEm
FN:614,_ZNSt11_Deque_baseIPN4Json5ValueESaIS2_EE15_M_allocate_mapEm
FN:621,_ZNSt11_Deque_baseIN4Json9OurReader9ErrorInfoESaIS2_EE17_M_deallocate_mapEPPS2_m
FN:621,_ZNSt11_Deque_baseIPN4Json5ValueESaIS2_EE17_M_deallocate_mapEPPS2_m
FN:621,_ZNSt11_Deque_baseIN4Json6Reader9ErrorInfoESaIS2_EE17_M_deallocate_mapEPPS2_m
FN:661,_ZNSt11_Deque_baseIN4Json9OurReader9ErrorInfoESaIS2_EED2Ev
FN:661,_ZNSt11_Deque_baseIN4Json6Reader9ErrorInfoESaIS2_EED2Ev
FN:661,_ZNSt11_Deque_baseIPN4Json5ValueESaIS2_EED2Ev
FN:682,_ZNSt11_Deque_baseIN4Json9OurReader9ErrorInfoESaIS2_EE17_M_initialize_mapEm
FN:682,_ZNSt11_Deque_baseIN4Json6Reader9ErrorInfoESaIS2_EE17_M_initialize_mapEm
FN:682,_ZNSt11_Deque_baseIPN4Json5ValueESaIS2_EE17_M_initialize_mapEm
FN:721,_ZNSt11_Deque_baseIN4Json9OurReader9ErrorInfoESaIS2_EE15_M_create_nodesEPPS2_S6_
FN:721,_ZNSt11_Deque_baseIPN4Json5ValueESaIS2_EE15_M_create_nodesEPPS2_S6_
FN:721,_ZNSt11_Deque_baseIN4Json6Reader9ErrorInfoESaIS2_EE15_M_create_nodesEPPS2_S6_
FN:739,_ZNSt11_Deque_baseIPN4Json5ValueESaIS2_EE16_M_destroy_nodesEPPS2_S6_
FN:739,_ZNSt11_Deque_baseIN4Json6Reader9ErrorInfoESaIS2_EE16_M_destroy_nodesEPPS2_S6_
FN:739,_ZNSt11_Deque_baseIN4Json9OurReader9ErrorInfoESaIS2_EE16_M_destroy_nodesEPPS2_S6_
FN:872,_ZNSt5dequeIN4Json9OurReader9ErrorInfoESaIS2_EE14_S_buffer_sizeEv
FN:872,_ZNSt5dequeIN4Json6Reader9ErrorInfoESaIS2_EE14_S_buffer_sizeEv
FN:898,_ZNSt5dequeIPN4Json5ValueESaIS2_EEC2Ev
FN:898,_ZNSt5dequeIN4Json9OurReader9ErrorInfoESaIS2_EEC2Ev
FN:898,_ZNSt5dequeIN4Json6Reader9ErrorInfoESaIS2_EEC2Ev
FN:1054,_ZNSt5dequeIN4Json9OurReader9ErrorInfoESaIS2_EED2Ev
[...]
FN:149,_ZNSt15__uniq_ptr_implIN6widget6JoinedESt14default_deleteIS1_EE6_M_ptrEv
FN:149,_ZNSt15__uniq_ptr_implIN6widget4MaskESt14default_deleteIS1_EE6_M_ptrEv
FN:149,_ZNSt15__uniq_ptr_implIN6widget5ValueESt14default_deleteIS1_EE6_M_ptrEv
FN:151,_ZNSt15__uniq_ptr_implIN6widget6JoinedESt14default_deleteIS1_EE10_M_deleterEv
FN:151,_ZNSt15__uniq_ptr_implIN6widget4MaskESt14default_deleteIS1_EE10_M_deleterEv
FN:151,_ZNSt15__uniq_ptr_implIN6widget5ValueESt14default_deleteIS1_EE10_M_deleterEv
FN:270,_ZNSt10unique_ptrIN6widget5ValueESt14default_deleteIS1_EED2Ev
FN:270,_ZNSt10unique_ptrIN6widget4MaskESt14default_deleteIS1_EED2Ev
FN:270,_ZNSt10unique_ptrIN6widget6JoinedESt14default_deleteIS1_EED2Ev
FN:347,_ZNSt10unique_ptrIN6widget4MaskESt14default_deleteIS1_EE11get_deleterEv
FN:347,_ZNSt10unique_ptrIN6widget6JoinedESt14default_deleteIS1_EE11get_deleterEv
FN:347,_ZNSt10unique_ptrIN6widget5ValueESt14default_deleteIS1_EE11get_deleterEv
FNDA:0,_ZNKSt14default_deleteIN6widget5ValueEEclEPS1_
FNDA:0,_ZNKSt14default_deleteIN6widget4MaskEEclEPS1_
FNDA:0,_ZNKSt14default_deleteIN6widget6JoinedEEclEPS1_
FNDA:0,_ZNSt15__uniq_ptr_implIN6widget5ValueESt14default_deleteIS1_EE6_M_ptrEv
FNDA:0,_ZNSt15__uniq_ptr_implIN6widget4MaskESt14default_deleteIS1_EE6_M_ptrEv
FNDA:0,_ZNSt15__uniq_ptr_implIN6widget6JoinedESt14default_deleteIS1_EE6_M_ptrEv
FNDA:0,_ZNSt15__uniq_ptr_implIN6widget5ValueESt14default_deleteIS1_EE10_M_deleterEv
FNDA:0,_ZNSt15__uniq_ptr_implIN6widget4MaskESt14default_deleteIS1_EE10_M_deleterEv
FNDA:0,_ZNSt15__uniq_ptr_implIN6widget6JoinedESt14default_deleteIS1_EE10_M_deleterEv
FNDA:0,_ZNSt10unique_ptrIN6widget5ValueESt14default_deleteIS1_EED2Ev
FNDA:0,_ZNSt10unique_ptrIN6widget4MaskESt14default_deleteIS1_EED2Ev
FNDA:0,_ZNSt10unique_ptrIN6widget6JoinedESt14default_deleteIS1_EED2Ev
FNDA:0,_ZNSt10unique_ptrIN6widget5ValueESt14default_deleteIS1_EE11get_deleterEv
FNDA:0,_ZNSt10unique_ptrIN6widget4MaskESt14default_deleteIS1_EE11get_deleterEv
FNDA:0,_ZNSt10unique_ptrIN6widget6JoinedESt14default_deleteIS1_EE11get_deleterEv
FNF:15
FNH:0
DA:75,0
DA:81,0
DA:82,0
DA:83,0
DA:89,0
DA:90,0
DA:91,0
DA:97,0
DA:98,0
DA:99,0
DA:105,0
DA:106,0
DA:173,0
DA:175,0
DA:294,0
DA:296,0
DA:297,0
DA:298,0
DA:299,0
DA:300,0
DA:301,0
DA:303,0
DA:304,0
DA:305,0
DA:306,0
DA:307,0
DA:308,0
DA:310,0
DA:311,0
DA:312,0
DA:313,0
DA:314,0
DA:315,0
DA:317,0
DA:318,0
DA:319,0
DA:320,0
DA:321,0
DA:392,0
DA:393,0
DA:394,0
DA:395,0
DA:396,0
DA:397,0
DA:398,0
DA:399,0
LF:46
LH:0
end_of_record
SF:/usr/include/c++/8/ext/new_allocator.h
FN:86,_ZN9__gnu_cxx13new_allocatorISt10unique_ptrIN6widget5ValueESt14default_deleteIS3_EEED2Ev
FN:86,_ZN9__gnu_cxx13new_allocatorISt10unique_ptrIN6widget4MaskESt14default_deleteIS3_EEED2Ev
FNDA:0,_ZN9__gnu_cxx13new_allocatorISt10unique_ptrIN6widget5ValueESt14default_deleteIS3_EEED2Ev
FNDA:0,_ZN9__gnu_cxx13new_allocatorISt10unique_ptrIN6widget4MaskESt14default_deleteIS3_EEED2Ev
FNF:2
FNH:0
DA:86,0
DA:116,0
DA:125,0
LF:3
LH:0
end_of_record
SF:/usr/include/c++/8/tuple
FN:113,_ZNSt10_Head_baseILm1ESt14default_deleteIN6widget5ValueEELb1EE7_M_headERS4_
FN:113,_ZNSt10_Head_baseILm1ESt14default_deleteIN6widget6JoinedEELb1EE7_M_headERS4_
FN:113,_ZNSt10_Head_baseILm1ESt14default_deleteIN6widget4MaskEELb1EE7_M_headERS4_
FN:160,_ZNSt10_Head_baseILm0EPN6widget5ValueELb0EE7_M_headERS3_
FN:160,_ZNSt10_Head_baseILm0EPN6widget4MaskELb0EE7_M_headERS3_
FN:160,_ZNSt10_Head_baseILm0EPN6widget6JoinedELb0EE7_M_headERS3_
FN:195,_ZNSt11_Tuple_implILm0EJPN6widget6JoinedESt14default_deleteIS1_EEE7_M_headERS5_
FN:195,_ZNSt11_Tuple_implILm0EJPN6widget5ValueESt14default_deleteIS1_EEE7_M_headERS5_
FN:195,_ZNSt11_Tuple_implILm0EJPN6widget4MaskESt14default_deleteIS1_EEE7_M_headERS5_
FN:351,_ZNSt11_Tuple_implILm1EJSt14default_deleteIN6widget4MaskEEEE7_M_headERS4_
FN:351,_ZNSt11_Tuple_implILm1EJSt14default_deleteIN6widget5ValueEEEE7_M_headERS4_
FN:351,_ZNSt11_Tuple_implILm1EJSt14default_deleteIN6widget6JoinedEEEE7_M_headERS4_
FN:1303,_ZSt12__get_helperILm0EPN6widget4MaskEJSt14default_deleteIS1_EEERT0_RSt11_Tuple_implIXT_EJS5_DpT1_EE
FN:1303,_ZSt12__get_helperILm1ESt14default_deleteIN6widget4MaskEEJEERT0_RSt11_Tuple_implIXT_EJS4_DpT1_EE
FN:1303,_ZSt12__get_helperILm0EPN6widget5ValueEJSt14default_deleteIS1_EEERT0_RSt11_Tuple_implIXT_EJS5_DpT1_EE
FN:1303,_ZSt12__get_helperILm1ESt14default_deleteIN6widget6JoinedEEJEERT0_RSt11_Tuple_implIXT_EJS4_DpT1_EE
FN:1303,_ZSt12__get_helperILm0EPN6widget6JoinedEJSt14default_deleteIS1_EEERT0_RSt11_Tuple_implIXT_EJS5_DpT1_EE
FN:1303,_ZSt12__get_helperILm1ESt14default_deleteIN6widget5ValueEEJEERT0_RSt11_Tuple_implIXT_EJS4_DpT1_EE
FN:1314,_ZSt3getILm0EJPN6widget4MaskESt14default_deleteIS1_EEERNSt13tuple_elementIXT_ESt5tupleIJDpT0_EEE4typeERS9_
FN:1314,_ZSt3getILm1EJPN6widget6JoinedESt14default_deleteIS1_EEERNSt13tuple_elementIXT_ESt5tupleIJDpT0_EEE4typeERS9_
FN:1314,_ZSt3getILm0EJPN6widget6JoinedESt14default_deleteIS1_EEERNSt13tuple_elementIXT_ESt5tupleIJDpT0_EEE4typeERS9_
FN:1314,_ZSt3getILm0EJPN6widget5ValueESt14default_deleteIS1_EEERNSt13tuple_elementIXT_ESt5tupleIJDpT0_EEE4typeERS9_
FN:1314,_ZSt3getILm1EJPN6widget4MaskESt14default_deleteIS1_EEERNSt13tuple_elementIXT_ESt5tupleIJDpT0_EEE4typeERS9_
FN:1314,_ZSt3getILm1EJPN6widget5ValueESt14default_deleteIS1_EEERNSt13tuple_elementIXT_ESt5tupleIJDpT0_EEE4typeERS9_
FNDA:0,_ZNSt10_Head_baseILm1ESt14default_deleteIN6widget5ValueEELb1EE7_M_headERS4_
FNDA:0,_ZNSt10_Head_baseILm1ESt14default_deleteIN6widget4MaskEELb1EE7_M_headERS4_
FNDA:0,_ZNSt10_Head_baseILm1ESt14default_deleteIN6widget6JoinedEELb1EE7_M_headERS4_
FNDA:0,_ZNSt10_Head_baseILm0EPN6widget5ValueELb0EE7_M_headERS3_
FNDA:0,_ZNSt10_Head_baseILm0EPN6widget4MaskELb0EE7_M_headERS3_
FNDA:0,_ZNSt10_Head_baseILm0EPN6widget6JoinedELb0EE7_M_headERS3_
FNDA:0,_ZNSt11_Tuple_implILm0EJPN6widget5ValueESt14default_deleteIS1_EEE7_M_headERS5_
FNDA:0,_ZNSt11_Tuple_implILm0EJPN6widget4MaskESt14default_deleteIS1_EEE7_M_headERS5_
FNDA:0,_ZNSt11_Tuple_implILm0EJPN6widget6JoinedESt14default_deleteIS1_EEE7_M_headERS5_
FNDA:0,_ZNSt11_Tuple_implILm1EJSt14default_deleteIN6widget5ValueEEEE7_M_headERS4_
FNDA:0,_ZNSt11_Tuple_implILm1EJSt14default_deleteIN6widget4MaskEEEE7_M_headERS4_
FNDA:0,_ZNSt11_Tuple_implILm1EJSt14default_deleteIN6widget6JoinedEEEE7_M_headERS4_
FNDA:0,_ZSt12__get_helperILm1ESt14default_deleteIN6widget5ValueEEJEERT0_RSt11_Tuple_implIXT_EJS4_DpT1_EE
FNDA:0,_ZSt12__get_helperILm1ESt14default_deleteIN6widget4MaskEEJEERT0_RSt11_Tuple_implIXT_EJS4_DpT1_EE
FNDA:0,_ZSt12__get_helperILm0EPN6widget5ValueEJSt14default_deleteIS1_EEERT0_RSt11_Tuple_implIXT_EJS5_DpT1_EE
FNDA:0,_ZSt12__get_helperILm0EPN6widget4MaskEJSt14default_deleteIS1_EEERT0_RSt11_Tuple_implIXT_EJS5_DpT1_EE
FNDA:0,_ZSt12__get_helperILm1ESt14default_deleteIN6widget6JoinedEEJEERT0_RSt11_Tuple_implIXT_EJS4_DpT1_EE
FNDA:0,_ZSt12__get_helperILm0EPN6widget6JoinedEJSt14default_deleteIS1_EEERT0_RSt11_Tuple_implIXT_EJS5_DpT1_EE
FNDA:0,_ZSt3getILm1EJPN6widget5ValueESt14default_deleteIS1_EEERNSt13tuple_elementIXT_ESt5tupleIJDpT0_EEE4typeERS9_
FNDA:0,_ZSt3getILm1EJPN6widget4MaskESt14default_deleteIS1_EEERNSt13tuple_elementIXT_ESt5tupleIJDpT0_EEE4typeERS9_
FNDA:0,_ZSt3getILm0EJPN6widget5ValueESt14default_deleteIS1_EEERNSt13tuple_elementIXT_ESt5tupleIJDpT0_EEE4typeERS9_
FNDA:0,_ZSt3getILm0EJPN6widget4MaskESt14default_deleteIS1_EEERNSt13tuple_elementIXT_ESt5tupleIJDpT0_EEE4typeERS9_
FNDA:0,_ZSt3getILm1EJPN6widget6JoinedESt14default_deleteIS1_EEERNSt13tuple_elementIXT_ESt5tupleIJDpT0_EEE4typeERS9_
FNDA:0,_ZSt3getILm0EJPN6widget6JoinedESt14default_deleteIS1_EEERNSt13tuple_elementIXT_ESt5tupleIJDpT0_EEE4typeERS9_
FNF:24
FNH:0
DA:113,0
DA:160,0
DA:195,0
DA:351,0
DA:1303,0
DA:1304,0
DA:1305,0
DA:1306,0
DA:1307,0
DA:1308,0
DA:1309,0
DA:1310,0
DA:1311,0
DA:1312,0
DA:1313,0
DA:1314,0
DA:1315,0
DA:1316,0
DA:1326,0
DA:1327,0
DA:1328,0
DA:1329,0
DA:1330,0
DA:1331,0
DA:1332,0
DA:1333,0
DA:1334,0
DA:1335,0
DA:1336,0
DA:1337,0
DA:1338,0
DA:1339,0
LF:32
LH:0
end_of_record
SF:/home/fsl/Qt/5.13.0/gcc_64/include/QtCore/qscopedpointer.h
FN:116,_ZNK14QScopedPointerI11QObjectData21QScopedPointerDeleterIS0_EEptEv
FNDA:0,_ZNK14QScopedPointerI11QObjectData21QScopedPointerDeleterIS0_EEptEv
FNF:1
FNH:0
DA:116,0
DA:118,0
LF:2
LH:0
end_of_record
SF:/home/fsl/prog/tino/src/widget/GroupWidget.hpp
FN:15,_ZN6widget11GroupWidgetD2Ev
FN:15,_ZN6widget11GroupWidgetD0Ev
FNDA:72,_ZN6widget11GroupWidgetD0Ev
FNDA:72,_ZN6widget11GroupWidgetD2Ev
FNF:2
FNH:2
DA:15,144
LF:1
LH:1
end_of_record
SF:/home/fsl/prog/build-tino-Desktop_Qt_5_13_0_GCC_64bit-Debug/src/widget/moc_GroupWidget.cpp
FN:58,_ZN6widget11GroupWidget18qt_static_metacallEP7QObjectN11QMetaObject4CallEiPPv
FN:76,_ZNK6widget11GroupWidget10metaObjectEv
FN:81,_ZN6widget11GroupWidget11qt_metacastEPKc
FN:89,_ZN6widget11GroupWidget11qt_metacallEN11QMetaObject4CallEiPPv
FNDA:0,_ZN6widget11GroupWidget18qt_static_metacallEP7QObjectN11QMetaObject4CallEiPPv
FNDA:10117,_ZNK6widget11GroupWidget10metaObjectEv
FNDA:144,_ZN6widget11GroupWidget11qt_metacastEPKc
FNDA:1280,_ZN6widget11GroupWidget11qt_metacallEN11QMetaObject4CallEiPPv
FNF:4
FNH:3
DA:58,0
DA:64,0
DA:76,10117
DA:78,10117
DA:81,144
DA:83,144
DA:84,144
DA:85,0
DA:86,144
DA:89,1280
DA:91,1280
DA:92,1280
LF:12
LH:9
end_of_record
TN:
SF:/usr/include/c++/8/bits/alloc_traits.h
FN:461,_ZNSt16allocator_traitsISaISt4pairISt10unique_ptrI11QPushButtonSt14default_deleteIS2_EESt8functionIFvvEEEEE10deallocateERSA_PS9_m
FNDA:0,_ZNSt16allocator_traitsISaISt4pairISt10unique_ptrI11QPushButtonSt14default_deleteIS2_EESt8functionIFvvEEEEE10deallocateERSA_PS9_m
FNF:1
FNH:0
DA:461,0
DA:462,0
LF:2
LH:0
end_of_record
SF:/usr/include/c++/8/bits/allocator.h
FN:139,_ZNSaISt4pairISt10unique_ptrI11QPushButtonSt14default_deleteIS1_EESt8functionIFvvEEEED2Ev
FNDA:0,_ZNSaISt4pairISt10unique_ptrI11QPushButtonSt14default_deleteIS1_EESt8functionIFvvEEEED2Ev
FNF:1
FNH:0
DA:139,0
LF:1
LH:0
end_of_record
SF:/usr/include/c++/8/bits/move.h
FN:47,_ZSt11__addressofISt4pairISt10unique_ptrI11QPushButtonSt14default_deleteIS2_EESt8functionIFvvEEEEPT_RSA_
FNDA:0,_ZSt11__addressofISt4pairISt10unique_ptrI11QPushButtonSt14default_deleteIS2_EESt8functionIFvvEEEEPT_RSA_
FNF:1
FNH:0
DA:47,0
DA:48,0
LF:2
LH:0
end_of_record
SF:/usr/include/c++/8/bits/std_function.h
FN:254,_ZNSt14_Function_baseD2Ev
FNDA:0,_ZNSt14_Function_baseD2Ev
FNF:1
FNH:0
DA:254,0
DA:255,0
DA:256,0
DA:257,0
DA:258,0
LF:5
LH:0
end_of_record
SF:/usr/include/c++/8/bits/stl_construct.h
FN:97,_ZSt8_DestroyISt4pairISt10unique_ptrI11QPushButtonSt14default_deleteIS2_EESt8functionIFvvEEEEvPT_
FN:105,_ZNSt12_Destroy_auxILb0EE9__destroyIPSt4pairISt10unique_ptrI11QPushButtonSt14default_deleteIS4_EESt8functionIFvvEEEEEvT_SD_
FN:127,_ZSt8_DestroyIPSt4pairISt10unique_ptrI11QPushButtonSt14default_deleteIS2_EESt8functionIFvvEEEEvT_SB_
FN:203,_ZSt8_DestroyIPSt4pairISt10unique_ptrI11QPushButtonSt14default_deleteIS2_EESt8functionIFvvEEES9_EvT_SB_RSaIT0_E
FNDA:0,_ZSt8_DestroyISt4pairISt10unique_ptrI11QPushButtonSt14default_deleteIS2_EESt8functionIFvvEEEEvPT_
FNDA:0,_ZNSt12_Destroy_auxILb0EE9__destroyIPSt4pairISt10unique_ptrI11QPushButtonSt14default_deleteIS4_EESt8functionIFvvEEEEEvT_SD_
FNDA:0,_ZSt8_DestroyIPSt4pairISt10unique_ptrI11QPushButtonSt14default_deleteIS2_EESt8functionIFvvEEEEvT_SB_
FNDA:0,_ZSt8_DestroyIPSt4pairISt10unique_ptrI11QPushButtonSt14default_deleteIS2_EESt8functionIFvvEEES9_EvT_SB_RSaIT0_E
FNF:4
FNH:0
DA:97,0
DA:98,0
DA:105,0
DA:107,0
DA:108,0
DA:109,0
DA:127,0
DA:137,0
DA:138,0
DA:203,0
DA:206,0
DA:207,0
LF:12
LH:0
end_of_record
SF:/usr/include/c++/8/bits/stl_vector.h
FN:237,_ZNSt12_Vector_baseISt4pairISt10unique_ptrI11QPushButtonSt14default_deleteIS2_EESt8functionIFvvEEESaIS9_EE19_M_get_Tp_allocatorEv
FN:283,_ZNSt12_Vector_baseISt4pairISt10unique_ptrI11QPushButtonSt14default_deleteIS2_EESt8functionIFvvEEESaIS9_EED2Ev
FN:300,_ZNSt12_Vector_baseISt4pairISt10unique_ptrI11QPushButtonSt14default_deleteIS2_EESt8functionIFvvEEESaIS9_EE13_M_deallocateEPS9_m
FN:565,_ZNSt6vectorISt4pairISt10unique_ptrI11QPushButtonSt14default_deleteIS2_EESt8functionIFvvEEESaIS9_EED2Ev
FNDA:0,_ZNSt12_Vector_baseISt4pairISt10unique_ptrI11QPushButtonSt14default_deleteIS2_EESt8functionIFvvEEESaIS9_EE19_M_get_Tp_allocatorEv
FNDA:0,_ZNSt12_Vector_baseISt4pairISt10unique_ptrI11QPushButtonSt14default_deleteIS2_EESt8functionIFvvEEESaIS9_EED2Ev
FNDA:0,_ZNSt12_Vector_baseISt4pairISt10unique_ptrI11QPushButtonSt14default_deleteIS2_EESt8functionIFvvEEESaIS9_EE13_M_deallocateEPS9_m
FNDA:0,_ZNSt6vectorISt4pairISt10unique_ptrI11QPushButtonSt14default_deleteIS2_EESt8functionIFvvEEESaIS9_EED2Ev
FNF:4
FNH:0
DA:237,0
DA:238,0
DA:283,0
DA:285,0
DA:286,0
DA:287,0
DA:300,0
DA:303,0
DA:304,0
DA:305,0
DA:565,0
DA:567,0
DA:568,0
DA:570,0
LF:14
LH:0
end_of_record
SF:/usr/include/c++/8/bits/unique_ptr.h
FN:75,_ZNKSt14default_deleteIN6widget12BtnContainerEEclEPS1_
FN:75,_ZNKSt14default_deleteI11QPushButtonEclEPS0_
FN:149,_ZNSt15__uniq_ptr_implIN6widget12BtnContainerESt14default_deleteIS1_EE6_M_ptrEv
FN:149,_ZNSt15__uniq_ptr_implI11QPushButtonSt14default_deleteIS0_EE6_M_ptrEv
FN:151,_ZNSt15__uniq_ptr_implIN6widget12BtnContainerESt14default_deleteIS1_EE10_M_deleterEv
FN:151,_ZNSt15__uniq_ptr_implI11QPushButtonSt14default_deleteIS0_EE10_M_deleterEv
FN:270,_ZNSt10unique_ptrIN6widget12BtnContainerESt14default_deleteIS1_EED2Ev
FN:270,_ZNSt10unique_ptrI11QPushButtonSt14default_deleteIS0_EED2Ev
FN:347,_ZNSt10unique_ptrIN6widget12BtnContainerESt14default_deleteIS1_EE11get_deleterEv
FN:347,_ZNSt10unique_ptrI11QPushButtonSt14default_deleteIS0_EE11get_deleterEv
FNDA:0,_ZNKSt14default_deleteI11QPushButtonEclEPS0_
FNDA:0,_ZNKSt14default_deleteIN6widget12BtnContainerEEclEPS1_
FNDA:0,_ZNSt15__uniq_ptr_implI11QPushButtonSt14default_deleteIS0_EE6_M_ptrEv
FNDA:0,_ZNSt15__uniq_ptr_implIN6widget12BtnContainerESt14default_deleteIS1_EE6_M_ptrEv
FNDA:0,_ZNSt15__uniq_ptr_implI11QPushButtonSt14default_deleteIS0_EE10_M_deleterEv
FNDA:0,_ZNSt15__uniq_ptr_implIN6widget12BtnContainerESt14default_deleteIS1_EE10_M_deleterEv
FNDA:0,_ZNSt10unique_ptrI11QPushButtonSt14default_deleteIS0_EED2Ev
FNDA:0,_ZNSt10unique_ptrIN6widget12BtnContainerESt14default_deleteIS1_EED2Ev
FNDA:0,_ZNSt10unique_ptrI11QPushButtonSt14default_deleteIS0_EE11get_deleterEv
FNDA:0,_ZNSt10unique_ptrIN6widget12BtnContainerESt14default_deleteIS1_EE11get_deleterEv
FNF:10
FNH:0
DA:75,0
DA:81,0
DA:82,0
DA:83,0
DA:89,0
DA:90,0
DA:91,0
DA:97,0
DA:98,0
DA:165,0
DA:167,0
DA:286,0
DA:288,0
DA:289,0
DA:290,0
DA:291,0
DA:292,0
DA:293,0
DA:295,0
DA:296,0
DA:297,0
DA:298,0
DA:299,0
DA:300,0
DA:302,0
DA:303,0
DA:304,0
DA:305,0
DA:306,0
DA:377,0
DA:378,0
DA:379,0
DA:380,0
DA:381,0
DA:382,0
LF:35
LH:0
end_of_record
SF:/usr/include/c++/8/ext/new_allocator.h
FN:86,_ZN9__gnu_cxx13new_allocatorISt4pairISt10unique_ptrI11QPushButtonSt14default_deleteIS3_EESt8functionIFvvEEEED2Ev
FN:116,_ZN9__gnu_cxx13new_allocatorISt4pairISt10unique_ptrI11QPushButtonSt14default_deleteIS3_EESt8functionIFvvEEEE10deallocateEPSA_m
FNDA:0,_ZN9__gnu_cxx13new_allocatorISt4pairISt10unique_ptrI11QPushButtonSt14default_deleteIS3_EESt8functionIFvvEEEED2Ev
FNDA:0,_ZN9__gnu_cxx13new_allocatorISt4pairISt10unique_ptrI11QPushButtonSt14default_deleteIS3_EESt8functionIFvvEEEE10deallocateEPSA_m
FNF:2
FNH:0
DA:86,0
DA:116,0
DA:125,0
LF:3
LH:0
end_of_record
SF:/usr/include/c++/8/tuple
FN:113,_ZNSt10_Head_baseILm1ESt14default_deleteIN6widget12BtnContainerEELb1EE7_M_headERS4_
FN:113,_ZNSt10_Head_baseILm1ESt14default_deleteI11QPushButtonELb1EE7_M_headERS3_
FN:160,_ZNSt10_Head_baseILm0EPN6widget12BtnContainerELb0EE7_M_headERS3_
FN:160,_ZNSt10_Head_baseILm0EP11QPushButtonLb0EE7_M_headERS2_
FN:195,_ZNSt11_Tuple_implILm0EJP11QPushButtonSt14default_deleteIS0_EEE7_M_headERS4_
FN:195,_ZNSt11_Tuple_implILm0EJPN6widget12BtnContainerESt14default_deleteIS1_EEE7_M_headERS5_
FN:351,_ZNSt11_Tuple_implILm1EJSt14default_deleteI11QPushButtonEEE7_M_headERS3_
FN:351,_ZNSt11_Tuple_implILm1EJSt14default_deleteIN6widget12BtnContainerEEEE7_M_headERS4_
FN:1303,_ZSt12__get_helperILm1ESt14default_deleteIN6widget12BtnContainerEEJEERT0_RSt11_Tuple_implIXT_EJS4_DpT1_EE
FN:1303,_ZSt12__get_helperILm0EPN6widget12BtnContainerEJSt14default_deleteIS1_EEERT0_RSt11_Tuple_implIXT_EJS5_DpT1_EE
FN:1303,_ZSt12__get_helperILm0EP11QPushButtonJSt14default_deleteIS0_EEERT0_RSt11_Tuple_implIXT_EJS4_DpT1_EE
FN:1303,_ZSt12__get_helperILm1ESt14default_deleteI11QPushButtonEJEERT0_RSt11_Tuple_implIXT_EJS3_DpT1_EE
FN:1314,_ZSt3getILm0EJPN6widget12BtnContainerESt14default_deleteIS1_EEERNSt13tuple_elementIXT_ESt5tupleIJDpT0_EEE4typeERS9_
FN:1314,_ZSt3getILm1EJP11QPushButtonSt14default_deleteIS0_EEERNSt13tuple_elementIXT_ESt5tupleIJDpT0_EEE4typeERS8_
FN:1314,_ZSt3getILm0EJP11QPushButtonSt14default_deleteIS0_EEERNSt13tuple_elementIXT_ESt5tupleIJDpT0_EEE4typeERS8_
FN:1314,_ZSt3getILm1EJPN6widget12BtnContainerESt14default_deleteIS1_EEERNSt13tuple_elementIXT_ESt5tupleIJDpT0_EEE4typeERS9_
FNDA:0,_ZNSt10_Head_baseILm1ESt14default_deleteI11QPushButtonELb1EE7_M_headERS3_
FNDA:0,_ZNSt10_Head_baseILm1ESt14default_deleteIN6widget12BtnContainerEELb1EE7_M_headERS4_
FNDA:0,_ZNSt10_Head_baseILm0EP11QPushButtonLb0EE7_M_headERS2_
FNDA:0,_ZNSt10_Head_baseILm0EPN6widget12BtnContainerELb0EE7_M_headERS3_
FNDA:0,_ZNSt11_Tuple_implILm0EJP11QPushButtonSt14default_deleteIS0_EEE7_M_headERS4_
FNDA:0,_ZNSt11_Tuple_implILm0EJPN6widget12BtnContainerESt14default_deleteIS1_EEE7_M_headERS5_
FNDA:0,_ZNSt11_Tuple_implILm1EJSt14default_deleteI11QPushButtonEEE7_M_headERS3_
FNDA:0,_ZNSt11_Tuple_implILm1EJSt14default_deleteIN6widget12BtnContainerEEEE7_M_headERS4_
FNDA:0,_ZSt12__get_helperILm1ESt14default_deleteI11QPushButtonEJEERT0_RSt11_Tuple_implIXT_EJS3_DpT1_EE
FNDA:0,_ZSt12__get_helperILm0EP11QPushButtonJSt14default_deleteIS0_EEERT0_RSt11_Tuple_implIXT_EJS4_DpT1_EE
FNDA:0,_ZSt12__get_helperILm1ESt14default_deleteIN6widget12BtnContainerEEJEERT0_RSt11_Tuple_implIXT_EJS4_DpT1_EE
FNDA:0,_ZSt12__get_helperILm0EPN6widget12BtnContainerEJSt14default_deleteIS1_EEERT0_RSt11_Tuple_implIXT_EJS5_DpT1_EE
FNDA:0,_ZSt3getILm1EJP11QPushButtonSt14default_deleteIS0_EEERNSt13tuple_elementIXT_ESt5tupleIJDpT0_EEE4typeERS8_
FNDA:0,_ZSt3getILm0EJP11QPushButtonSt14default_deleteIS0_EEERNSt13tuple_elementIXT_ESt5tupleIJDpT0_EEE4typeERS8_
FNDA:0,_ZSt3getILm1EJPN6widget12BtnContainerESt14default_deleteIS1_EEERNSt13tuple_elementIXT_ESt5tupleIJDpT0_EEE4typeERS9_
FNDA:0,_ZSt3getILm0EJPN6widget12BtnContainerESt14default_deleteIS1_EEERNSt13tuple_elementIXT_ESt5tupleIJDpT0_EEE4typeERS9_
FNF:16
FNH:0
DA:113,0
DA:160,0
DA:195,0
DA:351,0
DA:1303,0
DA:1304,0
DA:1305,0
DA:1306,0
DA:1307,0
DA:1308,0
DA:1309,0
DA:1310,0
DA:1311,0
DA:1312,0
DA:1322,0
DA:1323,0
DA:1324,0
DA:1325,0
DA:1326,0
DA:1327,0
DA:1328,0
DA:1329,0
DA:1330,0
DA:1331,0
LF:24
LH:0
end_of_record
SF:/home/fsl/Qt/5.13.0/gcc_64/include/QtCore/qscopedpointer.h
FN:116,_ZNK14QScopedPointerI11QObjectData21QScopedPointerDeleterIS0_EEptEv
FNDA:0,_ZNK14QScopedPointerI11QObjectData21QScopedPointerDeleterIS0_EEptEv
FNF:1
FNH:0
DA:116,0
DA:118,0
LF:2
LH:0
end_of_record
SF:/home/fsl/prog/tino/src/widget/BtnContainer.hpp
FN:14,_ZN6widget12BtnContainerD2Ev
FNDA:0,_ZN6widget12BtnContainerD2Ev
FNF:1
FNH:0
DA:14,0
LF:1
LH:0
end_of_record
SF:/home/fsl/prog/tino/src/widget/HalfMask.hpp
FN:17,_ZN6widget8HalfMaskD2Ev
FN:17,_ZN6widget8HalfMaskD0Ev
FNDA:160,_ZN6widget8HalfMaskD0Ev
FNDA:160,_ZN6widget8HalfMaskD2Ev
FNF:2
FNH:2
DA:17,320
LF:1
LH:1
end_of_record
SF:/home/fsl/prog/build-tino-Desktop_Qt_5_13_0_GCC_64bit-Debug/src/widget/moc_HalfMask.cpp
FN:58,_ZN6widget8HalfMask18qt_static_metacallEP7QObjectN11QMetaObject4CallEiPPv
FN:76,_ZNK6widget8HalfMask10metaObjectEv
FN:81,_ZN6widget8HalfMask11qt_metacastEPKc
FN:89,_ZN6widget8HalfMask11qt_metacallEN11QMetaObject4CallEiPPv
FNDA:0,_ZN6widget8HalfMask18qt_static_metacallEP7QObjectN11QMetaObject4CallEiPPv
FNDA:13097,_ZNK6widget8HalfMask10metaObjectEv
FNDA:320,_ZN6widget8HalfMask11qt_metacastEPKc
FNDA:1280,_ZN6widget8HalfMask11qt_metacallEN11QMetaObject4CallEiPPv
FNF:4
FNH:3
DA:58,0
DA:64,0
DA:76,13097
DA:78,13097
DA:81,320
DA:83,320
DA:84,320
DA:85,0
DA:86,320
DA:89,1280
DA:91,1280
DA:92,1280
LF:12
LH:9
end_of_record
